<?xml version="1.0" encoding="UTF-8"?>
<testsuite xmlns:xsi="http://www.w3.org/2001/XMLSchema-instance" xsi:noNamespaceSchemaLocation="https://maven.apache.org/surefire/maven-surefire-plugin/xsd/surefire-test-report.xsd" name="TestSuite" time="878.307" tests="87" errors="0" skipped="0" failures="62">
  <properties>
[...]
</properties>
  <testcase name="RPCMSD1004" classname="TestCase.V1_1.IssuePage.WorkLog.RPCMSD1004" time="30.469">
    <failure message="org.openqa.selenium.TimeoutException: Expected condition failed: waiting for shdsd.selenium.Tools.BaseTest$1@2404b5a (tried for 10 second(s) with 500 MILLISECONDS interval)" type="java.lang.Exception">java.lang.Exception: org.openqa.selenium.TimeoutException: Expected condition failed: waiting for shdsd.selenium.Tools.BaseTest$1@2404b5a (tried for 10 second(s) with 500 MILLISECONDS interval)
	at TestCase.V1_1.IssuePage.WorkLog.RPCMSD1004.RPCMSD1004(RPCMSD1004.java:59)
Caused by: org.openqa.selenium.TimeoutException: Expected condition failed: waiting for shdsd.selenium.Tools.BaseTest$1@2404b5a (tried for 10 second(s) with 500 MILLISECONDS interval)
	at TestCase.V1_1.IssuePage.WorkLog.RPCMSD1004.RPCMSD1004(RPCMSD1004.java:34)
Caused by: org.openqa.selenium.NoSuchElementException: 
no such element: Unable to locate element: {"method":"partial link text","selector":"登录"}
  (Session info: chrome=84.0.4147.135)
For documentation on this error, please visit: http://seleniumhq.org/exceptions/no_such_element.html
Build info: version: '3.4.0', revision: 'unknown', time: 'unknown'
System info: host: 'DESKTOP-37BKIHR', ip: '192.168.80.154', os.name: 'Windows 10', os.arch: 'amd64', os.version: '10.0', java.version: '1.8.0_65'
Driver info: org.openqa.selenium.chrome.ChromeDriver
Capabilities [{networkConnectionEnabled=false, chrome={chromedriverVersion=83.0.4103.39 (ccbf011cb2d2b19b506d844400483861342c20cd-refs/branch-heads/4103@{#416}), userDataDir=C:\Users\Dell\AppData\Local\Temp\scoped_dir13404_812585541}, timeouts={implicit=0.0, pageLoad=300000.0, script=30000.0}, pageLoadStrategy=normal, unhandledPromptBehavior=dismiss and notify, strictFileInteractability=false, platform=ANY, proxy=Proxy(), goog:chromeOptions={debuggerAddress=localhost:50870}, acceptInsecureCerts=false, browserVersion=84.0.4147.135, browserName=chrome, javascriptEnabled=true, platformName=windows, setWindowRect=true, webauthn:virtualAuthenticators=true}]
Session ID: f596636f04fb4d32ef2ff12b73ca8462
*** Element info: {Using=partial link text, value=登录}
	at TestCase.V1_1.IssuePage.WorkLog.RPCMSD1004.RPCMSD1004(RPCMSD1004.java:34)
</failure>
    <system-err><![CDATA[Starting ChromeDriver 83.0.4103.39 (ccbf011cb2d2b19b506d844400483861342c20cd-refs/branch-heads/4103@{#416}) on port 32474
Only local connections are allowed.
Please see https://chromedriver.chromium.org/security-considerations for suggestions on keeping ChromeDriver safe.
ChromeDriver was started successfully.
log4j:WARN No appenders could be found for logger (org.apache.http.client.protocol.RequestAddCookies).
log4j:WARN Please initialize the log4j system properly.
log4j:WARN See http://logging.apache.org/log4j/1.2/faq.html#noconfig for more info.
[1598358650.660][WARNING]: This version of ChromeDriver has not been tested with Chrome version 84.
八月 25, 2020 8:30:52 下午 org.openqa.selenium.remote.ProtocolHandshake createSession
信息: Detected dialect: W3C

]]></system-err>
  </testcase>
  <testcase name="RPCMSD1721" classname="TestCase.V1_2.Configure.Calendar_configuration.RPCMSD1721" time="2.873">
    <failure message="java.lang.IndexOutOfBoundsException: Index: 1, Size: 0" type="java.lang.Exception">java.lang.Exception: java.lang.IndexOutOfBoundsException: Index: 1, Size: 0
	at TestCase.V1_2.Configure.Calendar_configuration.RPCMSD1721.RPCMSD1721(RPCMSD1721.java:92)
Caused by: java.lang.IndexOutOfBoundsException: Index: 1, Size: 0
	at TestCase.V1_2.Configure.Calendar_configuration.RPCMSD1721.RPCMSD1721(RPCMSD1721.java:24)
</failure>
    <system-err><![CDATA[42071 [main] ERROR io.qameta.allure.AllureLifecycle - Could not add attachment: no test is running
日历方案添加失败！
]]></system-err>
  </testcase>
  <testcase name="RPCMSD1889" classname="TestCase.V1_3.Project.RPCMSD1889" time="18.541">
    <failure message="org.openqa.selenium.TimeoutException: Expected condition failed: waiting for shdsd.selenium.Tools.BaseTest$1@6f347d7 (tried for 10 second(s) with 500 MILLISECONDS interval)" type="java.lang.Exception">java.lang.Exception: org.openqa.selenium.TimeoutException: Expected condition failed: waiting for shdsd.selenium.Tools.BaseTest$1@6f347d7 (tried for 10 second(s) with 500 MILLISECONDS interval)
	at TestCase.V1_3.Project.RPCMSD1889.RPCMSD1889(RPCMSD1889.java:44)
Caused by: org.openqa.selenium.TimeoutException: Expected condition failed: waiting for shdsd.selenium.Tools.BaseTest$1@6f347d7 (tried for 10 second(s) with 500 MILLISECONDS interval)
	at TestCase.V1_3.Project.RPCMSD1889.RPCMSD1889(RPCMSD1889.java:24)
Caused by: org.openqa.selenium.NoSuchElementException: 
no such element: Unable to locate element: {"method":"css selector","selector":"a[title="TEST Project"][href="/plugins/servlet/project-config/AAAAA/summary"]"}
  (Session info: chrome=84.0.4147.135)
For documentation on this error, please visit: http://seleniumhq.org/exceptions/no_such_element.html
Build info: version: '3.4.0', revision: 'unknown', time: 'unknown'
System info: host: 'DESKTOP-37BKIHR', ip: '192.168.80.154', os.name: 'Windows 10', os.arch: 'amd64', os.version: '10.0', java.version: '1.8.0_65'
Driver info: org.openqa.selenium.chrome.ChromeDriver
Capabilities [{networkConnectionEnabled=false, chrome={chromedriverVersion=83.0.4103.39 (ccbf011cb2d2b19b506d844400483861342c20cd-refs/branch-heads/4103@{#416}), userDataDir=C:\Users\Dell\AppData\Local\Temp\scoped_dir13404_812585541}, timeouts={implicit=0.0, pageLoad=300000.0, script=30000.0}, pageLoadStrategy=normal, unhandledPromptBehavior=dismiss and notify, strictFileInteractability=false, platform=ANY, proxy=Proxy(), goog:chromeOptions={debuggerAddress=localhost:50870}, acceptInsecureCerts=false, browserVersion=84.0.4147.135, browserName=chrome, javascriptEnabled=true, platformName=windows, setWindowRect=true, webauthn:virtualAuthenticators=true}]
Session ID: f596636f04fb4d32ef2ff12b73ca8462
*** Element info: {Using=css selector, value=a[title="TEST Project"][href="/plugins/servlet/project-config/AAAAA/summary"]}
	at TestCase.V1_3.Project.RPCMSD1889.RPCMSD1889(RPCMSD1889.java:24)
</failure>
    <system-err><![CDATA[45260 [main] ERROR io.qameta.allure.AllureLifecycle - Could not add attachment: no test is running
timewise工作日方案切换失败
]]></system-err>
  </testcase>
  <testcase name="ApplicaitonReport" classname="TestCase.V1_4.applicationReport.ApplicaitonReport" time="2.378"/>
  <testcase name="LogDrag" classname="TestCase.V1_5.Log.LogDrag" time="10.776">
    <failure message="org.openqa.selenium.TimeoutException: Expected condition failed: waiting for shdsd.selenium.Tools.BaseTest$1@331ff3ac (tried for 10 second(s) with 500 MILLISECONDS interval)" type="java.lang.Exception">java.lang.Exception: org.openqa.selenium.TimeoutException: Expected condition failed: waiting for shdsd.selenium.Tools.BaseTest$1@331ff3ac (tried for 10 second(s) with 500 MILLISECONDS interval)
	at TestCase.V1_5.Log.LogDrag.LogDrag(LogDrag.java:76)
Caused by: org.openqa.selenium.TimeoutException: Expected condition failed: waiting for shdsd.selenium.Tools.BaseTest$1@331ff3ac (tried for 10 second(s) with 500 MILLISECONDS interval)
	at TestCase.V1_5.Log.LogDrag.LogDrag(LogDrag.java:42)
Caused by: org.openqa.selenium.NoSuchElementException: 
no such element: Unable to locate element: {"method":"css selector","selector":"#timSheetCalendar_toggleDialog1"}
  (Session info: chrome=84.0.4147.135)
For documentation on this error, please visit: http://seleniumhq.org/exceptions/no_such_element.html
Build info: version: '3.4.0', revision: 'unknown', time: 'unknown'
System info: host: 'DESKTOP-37BKIHR', ip: '192.168.80.154', os.name: 'Windows 10', os.arch: 'amd64', os.version: '10.0', java.version: '1.8.0_65'
Driver info: org.openqa.selenium.chrome.ChromeDriver
Capabilities [{networkConnectionEnabled=false, chrome={chromedriverVersion=83.0.4103.39 (ccbf011cb2d2b19b506d844400483861342c20cd-refs/branch-heads/4103@{#416}), userDataDir=C:\Users\Dell\AppData\Local\Temp\scoped_dir13404_812585541}, timeouts={implicit=0.0, pageLoad=300000.0, script=30000.0}, pageLoadStrategy=normal, unhandledPromptBehavior=dismiss and notify, strictFileInteractability=false, platform=ANY, proxy=Proxy(), goog:chromeOptions={debuggerAddress=localhost:50870}, acceptInsecureCerts=false, browserVersion=84.0.4147.135, browserName=chrome, javascriptEnabled=true, platformName=windows, setWindowRect=true, webauthn:virtualAuthenticators=true}]
Session ID: f596636f04fb4d32ef2ff12b73ca8462
*** Element info: {Using=id, value=timSheetCalendar_toggleDialog1}
	at TestCase.V1_5.Log.LogDrag.LogDrag(LogDrag.java:42)
</failure>
    <system-err><![CDATA[
]]></system-err>
  </testcase>
  <testcase name="RPCMSD1017" classname="TestCase.V1_1.IssuePage.WorkLog.RPCMSD1017" time="4.107">
    <failure message="org.openqa.selenium.ElementNotInteractableException: element not interactable&#10;  (Session info: chrome=84.0.4147.135)&#10;Build info: version: &apos;3.4.0&apos;, revision: &apos;unknown&apos;, time: &apos;unknown&apos;&#10;System info: host: &apos;DESKTOP-37BKIHR&apos;, ip: &apos;192.168.80.154&apos;, os.name: &apos;Windows 10&apos;, os.arch: &apos;amd64&apos;, os.version: &apos;10.0&apos;, java.version: &apos;1.8.0_65&apos;&#10;Driver info: org.openqa.selenium.chrome.ChromeDriver&#10;Capabilities [{networkConnectionEnabled=false, chrome={chromedriverVersion=83.0.4103.39 (ccbf011cb2d2b19b506d844400483861342c20cd-refs/branch-heads/4103@{#416}), userDataDir=C:\Users\Dell\AppData\Local\Temp\scoped_dir13404_812585541}, timeouts={implicit=0.0, pageLoad=300000.0, script=30000.0}, pageLoadStrategy=normal, unhandledPromptBehavior=dismiss and notify, strictFileInteractability=false, platform=ANY, proxy=Proxy(), goog:chromeOptions={debuggerAddress=localhost:50870}, acceptInsecureCerts=false, browserVersion=84.0.4147.135, browserName=chrome, javascriptEnabled=true, platformName=windows, setWindowRect=true, webauthn:virtualAuthenticators=true}]&#10;Session ID: f596636f04fb4d32ef2ff12b73ca8462" type="java.lang.Exception">java.lang.Exception: 
org.openqa.selenium.ElementNotInteractableException: element not interactable
  (Session info: chrome=84.0.4147.135)
Build info: version: '3.4.0', revision: 'unknown', time: 'unknown'
System info: host: 'DESKTOP-37BKIHR', ip: '192.168.80.154', os.name: 'Windows 10', os.arch: 'amd64', os.version: '10.0', java.version: '1.8.0_65'
Driver info: org.openqa.selenium.chrome.ChromeDriver
Capabilities [{networkConnectionEnabled=false, chrome={chromedriverVersion=83.0.4103.39 (ccbf011cb2d2b19b506d844400483861342c20cd-refs/branch-heads/4103@{#416}), userDataDir=C:\Users\Dell\AppData\Local\Temp\scoped_dir13404_812585541}, timeouts={implicit=0.0, pageLoad=300000.0, script=30000.0}, pageLoadStrategy=normal, unhandledPromptBehavior=dismiss and notify, strictFileInteractability=false, platform=ANY, proxy=Proxy(), goog:chromeOptions={debuggerAddress=localhost:50870}, acceptInsecureCerts=false, browserVersion=84.0.4147.135, browserName=chrome, javascriptEnabled=true, platformName=windows, setWindowRect=true, webauthn:virtualAuthenticators=true}]
Session ID: f596636f04fb4d32ef2ff12b73ca8462
	at TestCase.V1_1.IssuePage.WorkLog.RPCMSD1017.RPCMSD1017(RPCMSD1017.java:39)
Caused by: org.openqa.selenium.ElementNotInteractableException: 
element not interactable
  (Session info: chrome=84.0.4147.135)
Build info: version: '3.4.0', revision: 'unknown', time: 'unknown'
System info: host: 'DESKTOP-37BKIHR', ip: '192.168.80.154', os.name: 'Windows 10', os.arch: 'amd64', os.version: '10.0', java.version: '1.8.0_65'
Driver info: org.openqa.selenium.chrome.ChromeDriver
Capabilities [{networkConnectionEnabled=false, chrome={chromedriverVersion=83.0.4103.39 (ccbf011cb2d2b19b506d844400483861342c20cd-refs/branch-heads/4103@{#416}), userDataDir=C:\Users\Dell\AppData\Local\Temp\scoped_dir13404_812585541}, timeouts={implicit=0.0, pageLoad=300000.0, script=30000.0}, pageLoadStrategy=normal, unhandledPromptBehavior=dismiss and notify, strictFileInteractability=false, platform=ANY, proxy=Proxy(), goog:chromeOptions={debuggerAddress=localhost:50870}, acceptInsecureCerts=false, browserVersion=84.0.4147.135, browserName=chrome, javascriptEnabled=true, platformName=windows, setWindowRect=true, webauthn:virtualAuthenticators=true}]
Session ID: f596636f04fb4d32ef2ff12b73ca8462
	at TestCase.V1_1.IssuePage.WorkLog.RPCMSD1017.RPCMSD1017(RPCMSD1017.java:23)
</failure>
    <system-err><![CDATA[84632 [main] ERROR io.qameta.allure.AllureLifecycle - Could not add attachment: no test is running

]]></system-err>
  </testcase>
  <testcase name="RPCMSD1724" classname="TestCase.V1_2.Configure.Calendar_configuration.RPCMSD1724" time="7.129">
    <failure message="java.lang.IndexOutOfBoundsException: Index: 1, Size: 0" type="java.lang.Exception">java.lang.Exception: java.lang.IndexOutOfBoundsException: Index: 1, Size: 0
	at TestCase.V1_2.Configure.Calendar_configuration.RPCMSD1724.RPCMSD1724(RPCMSD1724.java:145)
Caused by: java.lang.IndexOutOfBoundsException: Index: 1, Size: 0
	at TestCase.V1_2.Configure.Calendar_configuration.RPCMSD1724.RPCMSD1724(RPCMSD1724.java:24)
</failure>
    <system-err><![CDATA[89333 [main] ERROR io.qameta.allure.AllureLifecycle - Could not add attachment: no test is running
单条日历添加失败
]]></system-err>
  </testcase>
  <testcase name="RPCMSD1878" classname="TestCase.V1_3.systemSetting.RPCMSD1878" time="12.352">
    <failure message="org.openqa.selenium.TimeoutException: Expected condition failed: waiting for shdsd.selenium.Tools.BaseTest$1@3ab35b9c (tried for 10 second(s) with 500 MILLISECONDS interval)" type="java.lang.Exception">java.lang.Exception: org.openqa.selenium.TimeoutException: Expected condition failed: waiting for shdsd.selenium.Tools.BaseTest$1@3ab35b9c (tried for 10 second(s) with 500 MILLISECONDS interval)
	at TestCase.V1_3.systemSetting.RPCMSD1878.RPCMSD1878(RPCMSD1878.java:42)
Caused by: org.openqa.selenium.TimeoutException: Expected condition failed: waiting for shdsd.selenium.Tools.BaseTest$1@3ab35b9c (tried for 10 second(s) with 500 MILLISECONDS interval)
	at TestCase.V1_3.systemSetting.RPCMSD1878.RPCMSD1878(RPCMSD1878.java:36)
Caused by: org.openqa.selenium.NoSuchElementException: 
no such element: Unable to locate element: {"method":"xpath","selector":"//*[@id="shdsd-FineTimesheet-SystemSetting-root-div"]/div/div/div/div/div[2]/div/div/div/div[2]/label/div"}
  (Session info: chrome=84.0.4147.135)
For documentation on this error, please visit: http://seleniumhq.org/exceptions/no_such_element.html
Build info: version: '3.4.0', revision: 'unknown', time: 'unknown'
System info: host: 'DESKTOP-37BKIHR', ip: '192.168.80.154', os.name: 'Windows 10', os.arch: 'amd64', os.version: '10.0', java.version: '1.8.0_65'
Driver info: org.openqa.selenium.chrome.ChromeDriver
Capabilities [{networkConnectionEnabled=false, chrome={chromedriverVersion=83.0.4103.39 (ccbf011cb2d2b19b506d844400483861342c20cd-refs/branch-heads/4103@{#416}), userDataDir=C:\Users\Dell\AppData\Local\Temp\scoped_dir13404_812585541}, timeouts={implicit=0.0, pageLoad=300000.0, script=30000.0}, pageLoadStrategy=normal, unhandledPromptBehavior=dismiss and notify, strictFileInteractability=false, platform=ANY, proxy=Proxy(), goog:chromeOptions={debuggerAddress=localhost:50870}, acceptInsecureCerts=false, browserVersion=84.0.4147.135, browserName=chrome, javascriptEnabled=true, platformName=windows, setWindowRect=true, webauthn:virtualAuthenticators=true}]
Session ID: f596636f04fb4d32ef2ff12b73ca8462
*** Element info: {Using=xpath, value=//*[@id="shdsd-FineTimesheet-SystemSetting-root-div"]/div/div/div/div/div[2]/div/div/div/div[2]/label/div}
	at TestCase.V1_3.systemSetting.RPCMSD1878.RPCMSD1878(RPCMSD1878.java:36)
</failure>
    <system-err><![CDATA[96766 [main] ERROR io.qameta.allure.AllureLifecycle - Could not add attachment: no test is running
添加日历方案失败!
]]></system-err>
  </testcase>
  <testcase name="RPCMSD2088" classname="TestCase.V1_4.workReport.RPCMSD2088" time="12.609">
    <failure message="Expected condition failed: waiting for shdsd.selenium.Tools.BaseTest$1@2287395 (tried for 10 second(s) with 500 MILLISECONDS interval)" type="org.openqa.selenium.TimeoutException">org.openqa.selenium.TimeoutException: Expected condition failed: waiting for shdsd.selenium.Tools.BaseTest$1@2287395 (tried for 10 second(s) with 500 MILLISECONDS interval)
	at TestCase.V1_4.workReport.RPCMSD2088.RPCMSD2088(RPCMSD2088.java:20)
Caused by: org.openqa.selenium.NoSuchElementException: 
no such element: Unable to locate element: {"method":"css selector","selector":".sc-gqjmRU:nth-child(4) .Droplist-sc-1z05y4v-0 .Icon__IconWrapper-dyhwwi-0"}
  (Session info: chrome=84.0.4147.135)
For documentation on this error, please visit: http://seleniumhq.org/exceptions/no_such_element.html
Build info: version: '3.4.0', revision: 'unknown', time: 'unknown'
System info: host: 'DESKTOP-37BKIHR', ip: '192.168.80.154', os.name: 'Windows 10', os.arch: 'amd64', os.version: '10.0', java.version: '1.8.0_65'
Driver info: org.openqa.selenium.chrome.ChromeDriver
Capabilities [{networkConnectionEnabled=false, chrome={chromedriverVersion=83.0.4103.39 (ccbf011cb2d2b19b506d844400483861342c20cd-refs/branch-heads/4103@{#416}), userDataDir=C:\Users\Dell\AppData\Local\Temp\scoped_dir13404_812585541}, timeouts={implicit=0.0, pageLoad=300000.0, script=30000.0}, pageLoadStrategy=normal, unhandledPromptBehavior=dismiss and notify, strictFileInteractability=false, platform=ANY, proxy=Proxy(), goog:chromeOptions={debuggerAddress=localhost:50870}, acceptInsecureCerts=false, browserVersion=84.0.4147.135, browserName=chrome, javascriptEnabled=true, platformName=windows, setWindowRect=true, webauthn:virtualAuthenticators=true}]
Session ID: f596636f04fb4d32ef2ff12b73ca8462
*** Element info: {Using=css selector, value=.sc-gqjmRU:nth-child(4) .Droplist-sc-1z05y4v-0 .Icon__IconWrapper-dyhwwi-0}
	at TestCase.V1_4.workReport.RPCMSD2088.RPCMSD2088(RPCMSD2088.java:20)
</failure>
    <system-err><![CDATA[109370 [main] ERROR io.qameta.allure.AllureLifecycle - Could not add attachment: no test is running
复制报表失败
]]></system-err>
  </testcase>
  <testcase name="PLanDrag" classname="TestCase.V1_5.Plan.PLanDrag" time="10.738">
    <failure message="org.openqa.selenium.TimeoutException: Expected condition failed: waiting for shdsd.selenium.Tools.BaseTest$1@62b09715 (tried for 10 second(s) with 500 MILLISECONDS interval)" type="java.lang.Exception">java.lang.Exception: org.openqa.selenium.TimeoutException: Expected condition failed: waiting for shdsd.selenium.Tools.BaseTest$1@62b09715 (tried for 10 second(s) with 500 MILLISECONDS interval)
	at TestCase.V1_5.Plan.PLanDrag.PLanDrag(PLanDrag.java:77)
Caused by: org.openqa.selenium.TimeoutException: Expected condition failed: waiting for shdsd.selenium.Tools.BaseTest$1@62b09715 (tried for 10 second(s) with 500 MILLISECONDS interval)
	at TestCase.V1_5.Plan.PLanDrag.PLanDrag(PLanDrag.java:43)
Caused by: org.openqa.selenium.NoSuchElementException: 
no such element: Unable to locate element: {"method":"css selector","selector":"#timSheetCalendar_toggleDialog1"}
  (Session info: chrome=84.0.4147.135)
For documentation on this error, please visit: http://seleniumhq.org/exceptions/no_such_element.html
Build info: version: '3.4.0', revision: 'unknown', time: 'unknown'
System info: host: 'DESKTOP-37BKIHR', ip: '192.168.80.154', os.name: 'Windows 10', os.arch: 'amd64', os.version: '10.0', java.version: '1.8.0_65'
Driver info: org.openqa.selenium.chrome.ChromeDriver
Capabilities [{networkConnectionEnabled=false, chrome={chromedriverVersion=83.0.4103.39 (ccbf011cb2d2b19b506d844400483861342c20cd-refs/branch-heads/4103@{#416}), userDataDir=C:\Users\Dell\AppData\Local\Temp\scoped_dir13404_812585541}, timeouts={implicit=0.0, pageLoad=300000.0, script=30000.0}, pageLoadStrategy=normal, unhandledPromptBehavior=dismiss and notify, strictFileInteractability=false, platform=ANY, proxy=Proxy(), goog:chromeOptions={debuggerAddress=localhost:50870}, acceptInsecureCerts=false, browserVersion=84.0.4147.135, browserName=chrome, javascriptEnabled=true, platformName=windows, setWindowRect=true, webauthn:virtualAuthenticators=true}]
Session ID: f596636f04fb4d32ef2ff12b73ca8462
*** Element info: {Using=id, value=timSheetCalendar_toggleDialog1}
	at TestCase.V1_5.Plan.PLanDrag.PLanDrag(PLanDrag.java:43)
</failure>
    <system-err><![CDATA[122244 [main] ERROR io.qameta.allure.AllureLifecycle - Could not add attachment: no test is running

]]></system-err>
  </testcase>
  <testcase name="RPCMSD1018" classname="TestCase.V1_1.IssuePage.WorkLog.RPCMSD1018" time="3.918">
    <failure message="org.openqa.selenium.ElementNotInteractableException: element not interactable&#10;  (Session info: chrome=84.0.4147.135)&#10;Build info: version: &apos;3.4.0&apos;, revision: &apos;unknown&apos;, time: &apos;unknown&apos;&#10;System info: host: &apos;DESKTOP-37BKIHR&apos;, ip: &apos;192.168.80.154&apos;, os.name: &apos;Windows 10&apos;, os.arch: &apos;amd64&apos;, os.version: &apos;10.0&apos;, java.version: &apos;1.8.0_65&apos;&#10;Driver info: org.openqa.selenium.chrome.ChromeDriver&#10;Capabilities [{networkConnectionEnabled=false, chrome={chromedriverVersion=83.0.4103.39 (ccbf011cb2d2b19b506d844400483861342c20cd-refs/branch-heads/4103@{#416}), userDataDir=C:\Users\Dell\AppData\Local\Temp\scoped_dir13404_812585541}, timeouts={implicit=0.0, pageLoad=300000.0, script=30000.0}, pageLoadStrategy=normal, unhandledPromptBehavior=dismiss and notify, strictFileInteractability=false, platform=ANY, proxy=Proxy(), goog:chromeOptions={debuggerAddress=localhost:50870}, acceptInsecureCerts=false, browserVersion=84.0.4147.135, browserName=chrome, javascriptEnabled=true, platformName=windows, setWindowRect=true, webauthn:virtualAuthenticators=true}]&#10;Session ID: f596636f04fb4d32ef2ff12b73ca8462" type="java.lang.Exception">java.lang.Exception: 
org.openqa.selenium.ElementNotInteractableException: element not interactable
  (Session info: chrome=84.0.4147.135)
Build info: version: '3.4.0', revision: 'unknown', time: 'unknown'
System info: host: 'DESKTOP-37BKIHR', ip: '192.168.80.154', os.name: 'Windows 10', os.arch: 'amd64', os.version: '10.0', java.version: '1.8.0_65'
Driver info: org.openqa.selenium.chrome.ChromeDriver
Capabilities [{networkConnectionEnabled=false, chrome={chromedriverVersion=83.0.4103.39 (ccbf011cb2d2b19b506d844400483861342c20cd-refs/branch-heads/4103@{#416}), userDataDir=C:\Users\Dell\AppData\Local\Temp\scoped_dir13404_812585541}, timeouts={implicit=0.0, pageLoad=300000.0, script=30000.0}, pageLoadStrategy=normal, unhandledPromptBehavior=dismiss and notify, strictFileInteractability=false, platform=ANY, proxy=Proxy(), goog:chromeOptions={debuggerAddress=localhost:50870}, acceptInsecureCerts=false, browserVersion=84.0.4147.135, browserName=chrome, javascriptEnabled=true, platformName=windows, setWindowRect=true, webauthn:virtualAuthenticators=true}]
Session ID: f596636f04fb4d32ef2ff12b73ca8462
	at TestCase.V1_1.IssuePage.WorkLog.RPCMSD1018.RPCMSD1018(RPCMSD1018.java:48)
Caused by: org.openqa.selenium.ElementNotInteractableException: 
element not interactable
  (Session info: chrome=84.0.4147.135)
Build info: version: '3.4.0', revision: 'unknown', time: 'unknown'
System info: host: 'DESKTOP-37BKIHR', ip: '192.168.80.154', os.name: 'Windows 10', os.arch: 'amd64', os.version: '10.0', java.version: '1.8.0_65'
Driver info: org.openqa.selenium.chrome.ChromeDriver
Capabilities [{networkConnectionEnabled=false, chrome={chromedriverVersion=83.0.4103.39 (ccbf011cb2d2b19b506d844400483861342c20cd-refs/branch-heads/4103@{#416}), userDataDir=C:\Users\Dell\AppData\Local\Temp\scoped_dir13404_812585541}, timeouts={implicit=0.0, pageLoad=300000.0, script=30000.0}, pageLoadStrategy=normal, unhandledPromptBehavior=dismiss and notify, strictFileInteractability=false, platform=ANY, proxy=Proxy(), goog:chromeOptions={debuggerAddress=localhost:50870}, acceptInsecureCerts=false, browserVersion=84.0.4147.135, browserName=chrome, javascriptEnabled=true, platformName=windows, setWindowRect=true, webauthn:virtualAuthenticators=true}]
Session ID: f596636f04fb4d32ef2ff12b73ca8462
	at TestCase.V1_1.IssuePage.WorkLog.RPCMSD1018.RPCMSD1018(RPCMSD1018.java:23)
</failure>
    <system-err><![CDATA[140724 [main] ERROR io.qameta.allure.AllureLifecycle - Could not add attachment: no test is running

]]></system-err>
  </testcase>
  <testcase name="RPCMSD1727" classname="TestCase.V1_2.Configure.Calendar_configuration.RPCMSD1727" time="2.237">
    <failure message="java.lang.IndexOutOfBoundsException: Index: 1, Size: 0" type="java.lang.Exception">java.lang.Exception: java.lang.IndexOutOfBoundsException: Index: 1, Size: 0
	at TestCase.V1_2.Configure.Calendar_configuration.RPCMSD1727.RPCMSD1727(RPCMSD1727.java:59)
Caused by: java.lang.IndexOutOfBoundsException: Index: 1, Size: 0
	at TestCase.V1_2.Configure.Calendar_configuration.RPCMSD1727.RPCMSD1727(RPCMSD1727.java:24)
</failure>
    <system-err><![CDATA[145187 [main] ERROR io.qameta.allure.AllureLifecycle - Could not add attachment: no test is running
文件上传失败
]]></system-err>
  </testcase>
  <testcase name="RPCMSD1901" classname="TestCase.V1_3.systemSetting.RPCMSD1901" time="14.264">
    <failure message="org.openqa.selenium.TimeoutException: Expected condition failed: waiting for shdsd.selenium.Tools.BaseTest$1@7f13811b (tried for 10 second(s) with 500 MILLISECONDS interval)" type="java.lang.Exception">java.lang.Exception: org.openqa.selenium.TimeoutException: Expected condition failed: waiting for shdsd.selenium.Tools.BaseTest$1@7f13811b (tried for 10 second(s) with 500 MILLISECONDS interval)
	at TestCase.V1_3.systemSetting.RPCMSD1901.RPCMSD1901(RPCMSD1901.java:39)
Caused by: org.openqa.selenium.TimeoutException: Expected condition failed: waiting for shdsd.selenium.Tools.BaseTest$1@7f13811b (tried for 10 second(s) with 500 MILLISECONDS interval)
	at TestCase.V1_3.systemSetting.RPCMSD1901.RPCMSD1901(RPCMSD1901.java:30)
Caused by: org.openqa.selenium.NoSuchElementException: 
no such element: Unable to locate element: {"method":"css selector","selector":"#workLogAndPlan-submit-button .css-t5emrf"}
  (Session info: chrome=84.0.4147.135)
For documentation on this error, please visit: http://seleniumhq.org/exceptions/no_such_element.html
Build info: version: '3.4.0', revision: 'unknown', time: 'unknown'
System info: host: 'DESKTOP-37BKIHR', ip: '192.168.80.154', os.name: 'Windows 10', os.arch: 'amd64', os.version: '10.0', java.version: '1.8.0_65'
Driver info: org.openqa.selenium.chrome.ChromeDriver
Capabilities [{networkConnectionEnabled=false, chrome={chromedriverVersion=83.0.4103.39 (ccbf011cb2d2b19b506d844400483861342c20cd-refs/branch-heads/4103@{#416}), userDataDir=C:\Users\Dell\AppData\Local\Temp\scoped_dir13404_812585541}, timeouts={implicit=0.0, pageLoad=300000.0, script=30000.0}, pageLoadStrategy=normal, unhandledPromptBehavior=dismiss and notify, strictFileInteractability=false, platform=ANY, proxy=Proxy(), goog:chromeOptions={debuggerAddress=localhost:50870}, acceptInsecureCerts=false, browserVersion=84.0.4147.135, browserName=chrome, javascriptEnabled=true, platformName=windows, setWindowRect=true, webauthn:virtualAuthenticators=true}]
Session ID: f596636f04fb4d32ef2ff12b73ca8462
*** Element info: {Using=css selector, value=#workLogAndPlan-submit-button .css-t5emrf}
	at TestCase.V1_3.systemSetting.RPCMSD1901.RPCMSD1901(RPCMSD1901.java:30)
</failure>
    <system-err><![CDATA[147704 [main] ERROR io.qameta.allure.AllureLifecycle - Could not add attachment: no test is running
工作日志加班失败!
]]></system-err>
  </testcase>
  <testcase name="rPCMSD2089" classname="TestCase.V1_4.workReport.RPCMSD2089" time="12.681">
    <failure message="org.openqa.selenium.TimeoutException: Expected condition failed: waiting for shdsd.selenium.Tools.BaseTest$1@32091c14 (tried for 10 second(s) with 500 MILLISECONDS interval)" type="java.lang.Exception">java.lang.Exception: org.openqa.selenium.TimeoutException: Expected condition failed: waiting for shdsd.selenium.Tools.BaseTest$1@32091c14 (tried for 10 second(s) with 500 MILLISECONDS interval)
	at TestCase.V1_4.workReport.RPCMSD2089.rPCMSD2089(RPCMSD2089.java:36)
Caused by: org.openqa.selenium.TimeoutException: Expected condition failed: waiting for shdsd.selenium.Tools.BaseTest$1@32091c14 (tried for 10 second(s) with 500 MILLISECONDS interval)
	at TestCase.V1_4.workReport.RPCMSD2089.rPCMSD2089(RPCMSD2089.java:19)
Caused by: org.openqa.selenium.NoSuchElementException: 
no such element: Unable to locate element: {"method":"css selector","selector":".sc-gqjmRU:nth-child(1) .Droplist-sc-1z05y4v-0 .Icon__IconWrapper-dyhwwi-0"}
  (Session info: chrome=84.0.4147.135)
For documentation on this error, please visit: http://seleniumhq.org/exceptions/no_such_element.html
Build info: version: '3.4.0', revision: 'unknown', time: 'unknown'
System info: host: 'DESKTOP-37BKIHR', ip: '192.168.80.154', os.name: 'Windows 10', os.arch: 'amd64', os.version: '10.0', java.version: '1.8.0_65'
Driver info: org.openqa.selenium.chrome.ChromeDriver
Capabilities [{networkConnectionEnabled=false, chrome={chromedriverVersion=83.0.4103.39 (ccbf011cb2d2b19b506d844400483861342c20cd-refs/branch-heads/4103@{#416}), userDataDir=C:\Users\Dell\AppData\Local\Temp\scoped_dir13404_812585541}, timeouts={implicit=0.0, pageLoad=300000.0, script=30000.0}, pageLoadStrategy=normal, unhandledPromptBehavior=dismiss and notify, strictFileInteractability=false, platform=ANY, proxy=Proxy(), goog:chromeOptions={debuggerAddress=localhost:50870}, acceptInsecureCerts=false, browserVersion=84.0.4147.135, browserName=chrome, javascriptEnabled=true, platformName=windows, setWindowRect=true, webauthn:virtualAuthenticators=true}]
Session ID: f596636f04fb4d32ef2ff12b73ca8462
*** Element info: {Using=css selector, value=.sc-gqjmRU:nth-child(1) .Droplist-sc-1z05y4v-0 .Icon__IconWrapper-dyhwwi-0}
	at TestCase.V1_4.workReport.RPCMSD2089.rPCMSD2089(RPCMSD2089.java:19)
</failure>
    <system-err><![CDATA[162242 [main] ERROR io.qameta.allure.AllureLifecycle - Could not add attachment: no test is running
org.openqa.selenium.TimeoutException: Expected condition failed: waiting for shdsd.selenium.Tools.BaseTest$1@32091c14 (tried for 10 second(s) with 500 MILLISECONDS interval)
	at org.openqa.selenium.support.ui.WebDriverWait.timeoutException(WebDriverWait.java:80)
	at org.openqa.selenium.support.ui.FluentWait.until(FluentWait.java:232)
	at shdsd.selenium.Tools.BaseTest.getElement(BaseTest.java:76)
	at shdsd.selenium.Tools.BaseTest.getElement(BaseTest.java:69)
	at shdsd.selenium.Tools.BaseTest.click(BaseTest.java:163)
	at TestCase.V1_4.workReport.RPCMSD2089.rPCMSD2089(RPCMSD2089.java:19)
	at sun.reflect.NativeMethodAccessorImpl.invoke0(Native Method)
	at sun.reflect.NativeMethodAccessorImpl.invoke(NativeMethodAccessorImpl.java:62)
	at sun.reflect.DelegatingMethodAccessorImpl.invoke(DelegatingMethodAccessorImpl.java:43)
	at java.lang.reflect.Method.invoke(Method.java:497)
	at org.testng.internal.MethodInvocationHelper.invokeMethod(MethodInvocationHelper.java:85)
	at org.testng.internal.Invoker.invokeMethod(Invoker.java:639)
	at org.testng.internal.Invoker.invokeTestMethod(Invoker.java:816)
	at org.testng.internal.Invoker.invokeTestMethods(Invoker.java:1124)
	at org.testng.internal.TestMethodWorker.invokeTestMethods(TestMethodWorker.java:125)
	at org.testng.internal.TestMethodWorker.run(TestMethodWorker.java:108)
	at org.testng.TestRunner.privateRun(TestRunner.java:774)
	at org.testng.TestRunner.run(TestRunner.java:624)
	at org.testng.SuiteRunner.runTest(SuiteRunner.java:359)
	at org.testng.SuiteRunner.runSequentially(SuiteRunner.java:354)
	at org.testng.SuiteRunner.privateRun(SuiteRunner.java:312)
	at org.testng.SuiteRunner.run(SuiteRunner.java:261)
	at org.testng.SuiteRunnerWorker.runSuite(SuiteRunnerWorker.java:52)
	at org.testng.SuiteRunnerWorker.run(SuiteRunnerWorker.java:86)
	at org.testng.TestNG.runSuitesSequentially(TestNG.java:1215)
	at org.testng.TestNG.runSuitesLocally(TestNG.java:1140)
	at org.testng.TestNG.run(TestNG.java:1048)
	at org.apache.maven.surefire.testng.TestNGExecutor.run(TestNGExecutor.java:283)
	at org.apache.maven.surefire.testng.TestNGXmlTestSuite.execute(TestNGXmlTestSuite.java:75)
	at org.apache.maven.surefire.testng.TestNGProvider.invoke(TestNGProvider.java:120)
	at org.apache.maven.surefire.booter.ForkedBooter.invokeProviderInSameClassLoader(ForkedBooter.java:384)
	at org.apache.maven.surefire.booter.ForkedBooter.runSuitesInProcess(ForkedBooter.java:345)
	at org.apache.maven.surefire.booter.ForkedBooter.execute(ForkedBooter.java:126)
	at org.apache.maven.surefire.booter.ForkedBooter.main(ForkedBooter.java:418)
Caused by: org.openqa.selenium.NoSuchElementException: no such element: Unable to locate element: {"method":"css selector","selector":".sc-gqjmRU:nth-child(1) .Droplist-sc-1z05y4v-0 .Icon__IconWrapper-dyhwwi-0"}
  (Session info: chrome=84.0.4147.135)
For documentation on this error, please visit: http://seleniumhq.org/exceptions/no_such_element.html
Build info: version: '3.4.0', revision: 'unknown', time: 'unknown'
System info: host: 'DESKTOP-37BKIHR', ip: '192.168.80.154', os.name: 'Windows 10', os.arch: 'amd64', os.version: '10.0', java.version: '1.8.0_65'
Driver info: org.openqa.selenium.chrome.ChromeDriver
Capabilities [{networkConnectionEnabled=false, chrome={chromedriverVersion=83.0.4103.39 (ccbf011cb2d2b19b506d844400483861342c20cd-refs/branch-heads/4103@{#416}), userDataDir=C:\Users\Dell\AppData\Local\Temp\scoped_dir13404_812585541}, timeouts={implicit=0.0, pageLoad=300000.0, script=30000.0}, pageLoadStrategy=normal, unhandledPromptBehavior=dismiss and notify, strictFileInteractability=false, platform=ANY, proxy=Proxy(), goog:chromeOptions={debuggerAddress=localhost:50870}, acceptInsecureCerts=false, browserVersion=84.0.4147.135, browserName=chrome, javascriptEnabled=true, platformName=windows, setWindowRect=true, webauthn:virtualAuthenticators=true}]
Session ID: f596636f04fb4d32ef2ff12b73ca8462
*** Element info: {Using=css selector, value=.sc-gqjmRU:nth-child(1) .Droplist-sc-1z05y4v-0 .Icon__IconWrapper-dyhwwi-0}
	at sun.reflect.GeneratedConstructorAccessor10.newInstance(Unknown Source)
	at sun.reflect.DelegatingConstructorAccessorImpl.newInstance(DelegatingConstructorAccessorImpl.java:45)
	at java.lang.reflect.Constructor.newInstance(Constructor.java:422)
	at org.openqa.selenium.remote.http.W3CHttpResponseCodec.createException(W3CHttpResponseCodec.java:150)
	at org.openqa.selenium.remote.http.W3CHttpResponseCodec.decode(W3CHttpResponseCodec.java:115)
	at org.openqa.selenium.remote.http.W3CHttpResponseCodec.decode(W3CHttpResponseCodec.java:45)
	at org.openqa.selenium.remote.HttpCommandExecutor.execute(HttpCommandExecutor.java:164)
	at org.openqa.selenium.remote.service.DriverCommandExecutor.execute(DriverCommandExecutor.java:82)
	at org.openqa.selenium.remote.RemoteWebDriver.execute(RemoteWebDriver.java:637)
	at org.openqa.selenium.remote.RemoteWebDriver.findElement(RemoteWebDriver.java:410)
	at org.openqa.selenium.remote.RemoteWebDriver.findElementByCssSelector(RemoteWebDriver.java:501)
	at org.openqa.selenium.By$ByCssSelector.findElement(By.java:430)
	at org.openqa.selenium.remote.RemoteWebDriver.findElement(RemoteWebDriver.java:402)
	at shdsd.selenium.Tools.BaseTest$1.apply(BaseTest.java:79)
	at shdsd.selenium.Tools.BaseTest$1.apply(BaseTest.java:76)
	at org.openqa.selenium.support.ui.FluentWait.until(FluentWait.java:209)
	... 32 more
删除报表失败!
]]></system-err>
  </testcase>
  <testcase name="RPCMSD1020" classname="TestCase.V1_1.IssuePage.WorkLog.RPCMSD1020" time="3.732">
    <failure message="org.openqa.selenium.ElementNotInteractableException: element not interactable&#10;  (Session info: chrome=84.0.4147.135)&#10;Build info: version: &apos;3.4.0&apos;, revision: &apos;unknown&apos;, time: &apos;unknown&apos;&#10;System info: host: &apos;DESKTOP-37BKIHR&apos;, ip: &apos;192.168.80.154&apos;, os.name: &apos;Windows 10&apos;, os.arch: &apos;amd64&apos;, os.version: &apos;10.0&apos;, java.version: &apos;1.8.0_65&apos;&#10;Driver info: org.openqa.selenium.chrome.ChromeDriver&#10;Capabilities [{networkConnectionEnabled=false, chrome={chromedriverVersion=83.0.4103.39 (ccbf011cb2d2b19b506d844400483861342c20cd-refs/branch-heads/4103@{#416}), userDataDir=C:\Users\Dell\AppData\Local\Temp\scoped_dir13404_812585541}, timeouts={implicit=0.0, pageLoad=300000.0, script=30000.0}, pageLoadStrategy=normal, unhandledPromptBehavior=dismiss and notify, strictFileInteractability=false, platform=ANY, proxy=Proxy(), goog:chromeOptions={debuggerAddress=localhost:50870}, acceptInsecureCerts=false, browserVersion=84.0.4147.135, browserName=chrome, javascriptEnabled=true, platformName=windows, setWindowRect=true, webauthn:virtualAuthenticators=true}]&#10;Session ID: f596636f04fb4d32ef2ff12b73ca8462" type="java.lang.Exception">java.lang.Exception: 
org.openqa.selenium.ElementNotInteractableException: element not interactable
  (Session info: chrome=84.0.4147.135)
Build info: version: '3.4.0', revision: 'unknown', time: 'unknown'
System info: host: 'DESKTOP-37BKIHR', ip: '192.168.80.154', os.name: 'Windows 10', os.arch: 'amd64', os.version: '10.0', java.version: '1.8.0_65'
Driver info: org.openqa.selenium.chrome.ChromeDriver
Capabilities [{networkConnectionEnabled=false, chrome={chromedriverVersion=83.0.4103.39 (ccbf011cb2d2b19b506d844400483861342c20cd-refs/branch-heads/4103@{#416}), userDataDir=C:\Users\Dell\AppData\Local\Temp\scoped_dir13404_812585541}, timeouts={implicit=0.0, pageLoad=300000.0, script=30000.0}, pageLoadStrategy=normal, unhandledPromptBehavior=dismiss and notify, strictFileInteractability=false, platform=ANY, proxy=Proxy(), goog:chromeOptions={debuggerAddress=localhost:50870}, acceptInsecureCerts=false, browserVersion=84.0.4147.135, browserName=chrome, javascriptEnabled=true, platformName=windows, setWindowRect=true, webauthn:virtualAuthenticators=true}]
Session ID: f596636f04fb4d32ef2ff12b73ca8462
	at TestCase.V1_1.IssuePage.WorkLog.RPCMSD1020.RPCMSD1020(RPCMSD1020.java:57)
Caused by: org.openqa.selenium.ElementNotInteractableException: 
element not interactable
  (Session info: chrome=84.0.4147.135)
Build info: version: '3.4.0', revision: 'unknown', time: 'unknown'
System info: host: 'DESKTOP-37BKIHR', ip: '192.168.80.154', os.name: 'Windows 10', os.arch: 'amd64', os.version: '10.0', java.version: '1.8.0_65'
Driver info: org.openqa.selenium.chrome.ChromeDriver
Capabilities [{networkConnectionEnabled=false, chrome={chromedriverVersion=83.0.4103.39 (ccbf011cb2d2b19b506d844400483861342c20cd-refs/branch-heads/4103@{#416}), userDataDir=C:\Users\Dell\AppData\Local\Temp\scoped_dir13404_812585541}, timeouts={implicit=0.0, pageLoad=300000.0, script=30000.0}, pageLoadStrategy=normal, unhandledPromptBehavior=dismiss and notify, strictFileInteractability=false, platform=ANY, proxy=Proxy(), goog:chromeOptions={debuggerAddress=localhost:50870}, acceptInsecureCerts=false, browserVersion=84.0.4147.135, browserName=chrome, javascriptEnabled=true, platformName=windows, setWindowRect=true, webauthn:virtualAuthenticators=true}]
Session ID: f596636f04fb4d32ef2ff12b73ca8462
	at TestCase.V1_1.IssuePage.WorkLog.RPCMSD1020.RPCMSD1020(RPCMSD1020.java:23)
</failure>
    <system-err><![CDATA[175176 [main] ERROR io.qameta.allure.AllureLifecycle - Could not add attachment: no test is running

]]></system-err>
  </testcase>
  <testcase name="RPCMSD1728" classname="TestCase.V1_2.Configure.Calendar_configuration.RPCMSD1728" time="2.489">
    <failure message="java.lang.IndexOutOfBoundsException: Index: 1, Size: 0" type="java.lang.Exception">java.lang.Exception: java.lang.IndexOutOfBoundsException: Index: 1, Size: 0
	at TestCase.V1_2.Configure.Calendar_configuration.RPCMSD1728.RPCMSD1728(RPCMSD1728.java:66)
Caused by: java.lang.IndexOutOfBoundsException: Index: 1, Size: 0
	at TestCase.V1_2.Configure.Calendar_configuration.RPCMSD1728.RPCMSD1728(RPCMSD1728.java:25)
</failure>
    <system-err><![CDATA[179186 [main] ERROR io.qameta.allure.AllureLifecycle - Could not add attachment: no test is running
文件上传失败!
]]></system-err>
  </testcase>
  <testcase name="RPCMSD1886" classname="TestCase.V1_3.worklog.RPCMSD1886" time="19.404">
    <failure message="org.openqa.selenium.TimeoutException: Expected condition failed: waiting for shdsd.selenium.Tools.BaseTest$1@4e245739 (tried for 10 second(s) with 500 MILLISECONDS interval)" type="java.lang.Exception">java.lang.Exception: org.openqa.selenium.TimeoutException: Expected condition failed: waiting for shdsd.selenium.Tools.BaseTest$1@4e245739 (tried for 10 second(s) with 500 MILLISECONDS interval)
	at TestCase.V1_3.worklog.RPCMSD1886.RPCMSD1886(RPCMSD1886.java:146)
Caused by: org.openqa.selenium.TimeoutException: Expected condition failed: waiting for shdsd.selenium.Tools.BaseTest$1@4e245739 (tried for 10 second(s) with 500 MILLISECONDS interval)
	at TestCase.V1_3.worklog.RPCMSD1886.RPCMSD1886(RPCMSD1886.java:56)
Caused by: org.openqa.selenium.NoSuchElementException: 
no such element: Unable to locate element: {"method":"css selector","selector":"div[id='DateColumn02_2_logbtn'][title='Log: 0.5h']"}
  (Session info: chrome=84.0.4147.135)
For documentation on this error, please visit: http://seleniumhq.org/exceptions/no_such_element.html
Build info: version: '3.4.0', revision: 'unknown', time: 'unknown'
System info: host: 'DESKTOP-37BKIHR', ip: '192.168.80.154', os.name: 'Windows 10', os.arch: 'amd64', os.version: '10.0', java.version: '1.8.0_65'
Driver info: org.openqa.selenium.chrome.ChromeDriver
Capabilities [{networkConnectionEnabled=false, chrome={chromedriverVersion=83.0.4103.39 (ccbf011cb2d2b19b506d844400483861342c20cd-refs/branch-heads/4103@{#416}), userDataDir=C:\Users\Dell\AppData\Local\Temp\scoped_dir13404_812585541}, timeouts={implicit=0.0, pageLoad=300000.0, script=30000.0}, pageLoadStrategy=normal, unhandledPromptBehavior=dismiss and notify, strictFileInteractability=false, platform=ANY, proxy=Proxy(), goog:chromeOptions={debuggerAddress=localhost:50870}, acceptInsecureCerts=false, browserVersion=84.0.4147.135, browserName=chrome, javascriptEnabled=true, platformName=windows, setWindowRect=true, webauthn:virtualAuthenticators=true}]
Session ID: f596636f04fb4d32ef2ff12b73ca8462
*** Element info: {Using=css selector, value=div[id='DateColumn02_2_logbtn'][title='Log: 0.5h']}
	at TestCase.V1_3.worklog.RPCMSD1886.RPCMSD1886(RPCMSD1886.java:56)
</failure>
    <system-err><![CDATA[181945 [main] ERROR io.qameta.allure.AllureLifecycle - Could not add attachment: no test is running
复制日志失败
]]></system-err>
  </testcase>
  <testcase name="rPCMSD2090" classname="TestCase.V1_4.workReport.RPCMSD2090" time="12.357">
    <failure message="org.openqa.selenium.TimeoutException: Expected condition failed: waiting for shdsd.selenium.Tools.BaseTest$1@422ab737 (tried for 10 second(s) with 500 MILLISECONDS interval)" type="java.lang.Exception">java.lang.Exception: org.openqa.selenium.TimeoutException: Expected condition failed: waiting for shdsd.selenium.Tools.BaseTest$1@422ab737 (tried for 10 second(s) with 500 MILLISECONDS interval)
	at TestCase.V1_4.workReport.RPCMSD2090.rPCMSD2090(RPCMSD2090.java:135)
Caused by: org.openqa.selenium.TimeoutException: Expected condition failed: waiting for shdsd.selenium.Tools.BaseTest$1@422ab737 (tried for 10 second(s) with 500 MILLISECONDS interval)
	at TestCase.V1_4.workReport.RPCMSD2090.rPCMSD2090(RPCMSD2090.java:16)
Caused by: org.openqa.selenium.NoSuchElementException: 
no such element: Unable to locate element: {"method":"css selector","selector":".sc-bAeIUo:nth-child(4) .GridColumnElement__GridColumn-sc-57x38k-0"}
  (Session info: chrome=84.0.4147.135)
For documentation on this error, please visit: http://seleniumhq.org/exceptions/no_such_element.html
Build info: version: '3.4.0', revision: 'unknown', time: 'unknown'
System info: host: 'DESKTOP-37BKIHR', ip: '192.168.80.154', os.name: 'Windows 10', os.arch: 'amd64', os.version: '10.0', java.version: '1.8.0_65'
Driver info: org.openqa.selenium.chrome.ChromeDriver
Capabilities [{networkConnectionEnabled=false, chrome={chromedriverVersion=83.0.4103.39 (ccbf011cb2d2b19b506d844400483861342c20cd-refs/branch-heads/4103@{#416}), userDataDir=C:\Users\Dell\AppData\Local\Temp\scoped_dir13404_812585541}, timeouts={implicit=0.0, pageLoad=300000.0, script=30000.0}, pageLoadStrategy=normal, unhandledPromptBehavior=dismiss and notify, strictFileInteractability=false, platform=ANY, proxy=Proxy(), goog:chromeOptions={debuggerAddress=localhost:50870}, acceptInsecureCerts=false, browserVersion=84.0.4147.135, browserName=chrome, javascriptEnabled=true, platformName=windows, setWindowRect=true, webauthn:virtualAuthenticators=true}]
Session ID: f596636f04fb4d32ef2ff12b73ca8462
*** Element info: {Using=css selector, value=.sc-bAeIUo:nth-child(4) .GridColumnElement__GridColumn-sc-57x38k-0}
	at TestCase.V1_4.workReport.RPCMSD2090.rPCMSD2090(RPCMSD2090.java:16)
</failure>
    <system-err><![CDATA[201617 [main] ERROR io.qameta.allure.AllureLifecycle - Could not add attachment: no test is running
org.openqa.selenium.TimeoutException: Expected condition failed: waiting for shdsd.selenium.Tools.BaseTest$1@422ab737 (tried for 10 second(s) with 500 MILLISECONDS interval)
	at org.openqa.selenium.support.ui.WebDriverWait.timeoutException(WebDriverWait.java:80)
	at org.openqa.selenium.support.ui.FluentWait.until(FluentWait.java:232)
	at shdsd.selenium.Tools.BaseTest.getElement(BaseTest.java:76)
	at shdsd.selenium.Tools.BaseTest.getElement(BaseTest.java:69)
	at shdsd.selenium.Tools.BaseTest.click(BaseTest.java:163)
	at TestCase.V1_4.workReport.RPCMSD2090.rPCMSD2090(RPCMSD2090.java:16)
	at sun.reflect.NativeMethodAccessorImpl.invoke0(Native Method)
	at sun.reflect.NativeMethodAccessorImpl.invoke(NativeMethodAccessorImpl.java:62)
	at sun.reflect.DelegatingMethodAccessorImpl.invoke(DelegatingMethodAccessorImpl.java:43)
	at java.lang.reflect.Method.invoke(Method.java:497)
	at org.testng.internal.MethodInvocationHelper.invokeMethod(MethodInvocationHelper.java:85)
	at org.testng.internal.Invoker.invokeMethod(Invoker.java:639)
	at org.testng.internal.Invoker.invokeTestMethod(Invoker.java:816)
	at org.testng.internal.Invoker.invokeTestMethods(Invoker.java:1124)
	at org.testng.internal.TestMethodWorker.invokeTestMethods(TestMethodWorker.java:125)
	at org.testng.internal.TestMethodWorker.run(TestMethodWorker.java:108)
	at org.testng.TestRunner.privateRun(TestRunner.java:774)
	at org.testng.TestRunner.run(TestRunner.java:624)
	at org.testng.SuiteRunner.runTest(SuiteRunner.java:359)
	at org.testng.SuiteRunner.runSequentially(SuiteRunner.java:354)
	at org.testng.SuiteRunner.privateRun(SuiteRunner.java:312)
	at org.testng.SuiteRunner.run(SuiteRunner.java:261)
	at org.testng.SuiteRunnerWorker.runSuite(SuiteRunnerWorker.java:52)
	at org.testng.SuiteRunnerWorker.run(SuiteRunnerWorker.java:86)
	at org.testng.TestNG.runSuitesSequentially(TestNG.java:1215)
	at org.testng.TestNG.runSuitesLocally(TestNG.java:1140)
	at org.testng.TestNG.run(TestNG.java:1048)
	at org.apache.maven.surefire.testng.TestNGExecutor.run(TestNGExecutor.java:283)
	at org.apache.maven.surefire.testng.TestNGXmlTestSuite.execute(TestNGXmlTestSuite.java:75)
	at org.apache.maven.surefire.testng.TestNGProvider.invoke(TestNGProvider.java:120)
	at org.apache.maven.surefire.booter.ForkedBooter.invokeProviderInSameClassLoader(ForkedBooter.java:384)
	at org.apache.maven.surefire.booter.ForkedBooter.runSuitesInProcess(ForkedBooter.java:345)
	at org.apache.maven.surefire.booter.ForkedBooter.execute(ForkedBooter.java:126)
	at org.apache.maven.surefire.booter.ForkedBooter.main(ForkedBooter.java:418)
Caused by: org.openqa.selenium.NoSuchElementException: no such element: Unable to locate element: {"method":"css selector","selector":".sc-bAeIUo:nth-child(4) .GridColumnElement__GridColumn-sc-57x38k-0"}
  (Session info: chrome=84.0.4147.135)
For documentation on this error, please visit: http://seleniumhq.org/exceptions/no_such_element.html
Build info: version: '3.4.0', revision: 'unknown', time: 'unknown'
System info: host: 'DESKTOP-37BKIHR', ip: '192.168.80.154', os.name: 'Windows 10', os.arch: 'amd64', os.version: '10.0', java.version: '1.8.0_65'
Driver info: org.openqa.selenium.chrome.ChromeDriver
Capabilities [{networkConnectionEnabled=false, chrome={chromedriverVersion=83.0.4103.39 (ccbf011cb2d2b19b506d844400483861342c20cd-refs/branch-heads/4103@{#416}), userDataDir=C:\Users\Dell\AppData\Local\Temp\scoped_dir13404_812585541}, timeouts={implicit=0.0, pageLoad=300000.0, script=30000.0}, pageLoadStrategy=normal, unhandledPromptBehavior=dismiss and notify, strictFileInteractability=false, platform=ANY, proxy=Proxy(), goog:chromeOptions={debuggerAddress=localhost:50870}, acceptInsecureCerts=false, browserVersion=84.0.4147.135, browserName=chrome, javascriptEnabled=true, platformName=windows, setWindowRect=true, webauthn:virtualAuthenticators=true}]
Session ID: f596636f04fb4d32ef2ff12b73ca8462
*** Element info: {Using=css selector, value=.sc-bAeIUo:nth-child(4) .GridColumnElement__GridColumn-sc-57x38k-0}
	at sun.reflect.GeneratedConstructorAccessor10.newInstance(Unknown Source)
	at sun.reflect.DelegatingConstructorAccessorImpl.newInstance(DelegatingConstructorAccessorImpl.java:45)
	at java.lang.reflect.Constructor.newInstance(Constructor.java:422)
	at org.openqa.selenium.remote.http.W3CHttpResponseCodec.createException(W3CHttpResponseCodec.java:150)
	at org.openqa.selenium.remote.http.W3CHttpResponseCodec.decode(W3CHttpResponseCodec.java:115)
	at org.openqa.selenium.remote.http.W3CHttpResponseCodec.decode(W3CHttpResponseCodec.java:45)
	at org.openqa.selenium.remote.HttpCommandExecutor.execute(HttpCommandExecutor.java:164)
	at org.openqa.selenium.remote.service.DriverCommandExecutor.execute(DriverCommandExecutor.java:82)
	at org.openqa.selenium.remote.RemoteWebDriver.execute(RemoteWebDriver.java:637)
	at org.openqa.selenium.remote.RemoteWebDriver.findElement(RemoteWebDriver.java:410)
	at org.openqa.selenium.remote.RemoteWebDriver.findElementByCssSelector(RemoteWebDriver.java:501)
	at org.openqa.selenium.By$ByCssSelector.findElement(By.java:430)
	at org.openqa.selenium.remote.RemoteWebDriver.findElement(RemoteWebDriver.java:402)
	at shdsd.selenium.Tools.BaseTest$1.apply(BaseTest.java:79)
	at shdsd.selenium.Tools.BaseTest$1.apply(BaseTest.java:76)
	at org.openqa.selenium.support.ui.FluentWait.until(FluentWait.java:209)
	... 32 more
时间选择失败!
]]></system-err>
  </testcase>
  <testcase name="RPCMSD1021" classname="TestCase.V1_1.IssuePage.WorkLog.RPCMSD1021" time="5.672"/>
  <testcase name="RPCMSD1740" classname="TestCase.V1_2.Configure.Calendar_configuration.RPCMSD1740" time="6.275">
    <failure message="java.lang.IndexOutOfBoundsException: Index: 1, Size: 0" type="java.lang.Exception">java.lang.Exception: java.lang.IndexOutOfBoundsException: Index: 1, Size: 0
	at TestCase.V1_2.Configure.Calendar_configuration.RPCMSD1740.RPCMSD1740(RPCMSD1740.java:37)
Caused by: java.lang.IndexOutOfBoundsException: Index: 1, Size: 0
	at TestCase.V1_2.Configure.Calendar_configuration.RPCMSD1740.RPCMSD1740(RPCMSD1740.java:25)
</failure>
    <system-err><![CDATA[日历查看失败
]]></system-err>
  </testcase>
  <testcase name="RPCMSD1887" classname="TestCase.V1_3.workplan.RPCMSD1887" time="19.628">
    <failure message="org.openqa.selenium.TimeoutException: Expected condition failed: waiting for shdsd.selenium.Tools.BaseTest$1@186d8a71 (tried for 10 second(s) with 500 MILLISECONDS interval)" type="java.lang.Exception">java.lang.Exception: org.openqa.selenium.TimeoutException: Expected condition failed: waiting for shdsd.selenium.Tools.BaseTest$1@186d8a71 (tried for 10 second(s) with 500 MILLISECONDS interval)
	at TestCase.V1_3.workplan.RPCMSD1887.RPCMSD1887(RPCMSD1887.java:99)
Caused by: org.openqa.selenium.TimeoutException: Expected condition failed: waiting for shdsd.selenium.Tools.BaseTest$1@186d8a71 (tried for 10 second(s) with 500 MILLISECONDS interval)
	at TestCase.V1_3.workplan.RPCMSD1887.RPCMSD1887(RPCMSD1887.java:49)
Caused by: org.openqa.selenium.NoSuchElementException: 
no such element: Unable to locate element: {"method":"css selector","selector":"div[id='DateColumn02_2_planbtn'][title='Plan: 3h']"}
  (Session info: chrome=84.0.4147.135)
For documentation on this error, please visit: http://seleniumhq.org/exceptions/no_such_element.html
Build info: version: '3.4.0', revision: 'unknown', time: 'unknown'
System info: host: 'DESKTOP-37BKIHR', ip: '192.168.80.154', os.name: 'Windows 10', os.arch: 'amd64', os.version: '10.0', java.version: '1.8.0_65'
Driver info: org.openqa.selenium.chrome.ChromeDriver
Capabilities [{networkConnectionEnabled=false, chrome={chromedriverVersion=83.0.4103.39 (ccbf011cb2d2b19b506d844400483861342c20cd-refs/branch-heads/4103@{#416}), userDataDir=C:\Users\Dell\AppData\Local\Temp\scoped_dir13404_812585541}, timeouts={implicit=0.0, pageLoad=300000.0, script=30000.0}, pageLoadStrategy=normal, unhandledPromptBehavior=dismiss and notify, strictFileInteractability=false, platform=ANY, proxy=Proxy(), goog:chromeOptions={debuggerAddress=localhost:50870}, acceptInsecureCerts=false, browserVersion=84.0.4147.135, browserName=chrome, javascriptEnabled=true, platformName=windows, setWindowRect=true, webauthn:virtualAuthenticators=true}]
Session ID: f596636f04fb4d32ef2ff12b73ca8462
*** Element info: {Using=css selector, value=div[id='DateColumn02_2_planbtn'][title='Plan: 3h']}
	at TestCase.V1_3.workplan.RPCMSD1887.RPCMSD1887(RPCMSD1887.java:49)
</failure>
    <system-err><![CDATA[226465 [main] ERROR io.qameta.allure.AllureLifecycle - Could not add attachment: no test is running
计划添加失败
]]></system-err>
  </testcase>
  <testcase name="rPCMSD2092" classname="TestCase.V1_4.workReport.RPCMSD2092" time="12.532">
    <failure message="org.openqa.selenium.TimeoutException: Expected condition failed: waiting for shdsd.selenium.Tools.BaseTest$1@47b33e07 (tried for 10 second(s) with 500 MILLISECONDS interval)" type="java.lang.Exception">java.lang.Exception: org.openqa.selenium.TimeoutException: Expected condition failed: waiting for shdsd.selenium.Tools.BaseTest$1@47b33e07 (tried for 10 second(s) with 500 MILLISECONDS interval)
	at TestCase.V1_4.workReport.RPCMSD2092.rPCMSD2092(RPCMSD2092.java:69)
Caused by: org.openqa.selenium.TimeoutException: Expected condition failed: waiting for shdsd.selenium.Tools.BaseTest$1@47b33e07 (tried for 10 second(s) with 500 MILLISECONDS interval)
	at TestCase.V1_4.workReport.RPCMSD2092.rPCMSD2092(RPCMSD2092.java:16)
Caused by: org.openqa.selenium.NoSuchElementException: 
no such element: Unable to locate element: {"method":"css selector","selector":".sc-bAeIUo:nth-child(4) .GridColumnElement__GridColumn-sc-57x38k-0"}
  (Session info: chrome=84.0.4147.135)
For documentation on this error, please visit: http://seleniumhq.org/exceptions/no_such_element.html
Build info: version: '3.4.0', revision: 'unknown', time: 'unknown'
System info: host: 'DESKTOP-37BKIHR', ip: '192.168.80.154', os.name: 'Windows 10', os.arch: 'amd64', os.version: '10.0', java.version: '1.8.0_65'
Driver info: org.openqa.selenium.chrome.ChromeDriver
Capabilities [{networkConnectionEnabled=false, chrome={chromedriverVersion=83.0.4103.39 (ccbf011cb2d2b19b506d844400483861342c20cd-refs/branch-heads/4103@{#416}), userDataDir=C:\Users\Dell\AppData\Local\Temp\scoped_dir13404_812585541}, timeouts={implicit=0.0, pageLoad=300000.0, script=30000.0}, pageLoadStrategy=normal, unhandledPromptBehavior=dismiss and notify, strictFileInteractability=false, platform=ANY, proxy=Proxy(), goog:chromeOptions={debuggerAddress=localhost:50870}, acceptInsecureCerts=false, browserVersion=84.0.4147.135, browserName=chrome, javascriptEnabled=true, platformName=windows, setWindowRect=true, webauthn:virtualAuthenticators=true}]
Session ID: f596636f04fb4d32ef2ff12b73ca8462
*** Element info: {Using=css selector, value=.sc-bAeIUo:nth-child(4) .GridColumnElement__GridColumn-sc-57x38k-0}
	at TestCase.V1_4.workReport.RPCMSD2092.rPCMSD2092(RPCMSD2092.java:16)
</failure>
    <system-err><![CDATA[246362 [main] ERROR io.qameta.allure.AllureLifecycle - Could not add attachment: no test is running
org.openqa.selenium.TimeoutException: Expected condition failed: waiting for shdsd.selenium.Tools.BaseTest$1@47b33e07 (tried for 10 second(s) with 500 MILLISECONDS interval)
	at org.openqa.selenium.support.ui.WebDriverWait.timeoutException(WebDriverWait.java:80)
	at org.openqa.selenium.support.ui.FluentWait.until(FluentWait.java:232)
	at shdsd.selenium.Tools.BaseTest.getElement(BaseTest.java:76)
	at shdsd.selenium.Tools.BaseTest.getElement(BaseTest.java:69)
	at shdsd.selenium.Tools.BaseTest.click(BaseTest.java:163)
	at TestCase.V1_4.workReport.RPCMSD2092.rPCMSD2092(RPCMSD2092.java:16)
	at sun.reflect.NativeMethodAccessorImpl.invoke0(Native Method)
	at sun.reflect.NativeMethodAccessorImpl.invoke(NativeMethodAccessorImpl.java:62)
	at sun.reflect.DelegatingMethodAccessorImpl.invoke(DelegatingMethodAccessorImpl.java:43)
	at java.lang.reflect.Method.invoke(Method.java:497)
	at org.testng.internal.MethodInvocationHelper.invokeMethod(MethodInvocationHelper.java:85)
	at org.testng.internal.Invoker.invokeMethod(Invoker.java:639)
	at org.testng.internal.Invoker.invokeTestMethod(Invoker.java:816)
	at org.testng.internal.Invoker.invokeTestMethods(Invoker.java:1124)
	at org.testng.internal.TestMethodWorker.invokeTestMethods(TestMethodWorker.java:125)
	at org.testng.internal.TestMethodWorker.run(TestMethodWorker.java:108)
	at org.testng.TestRunner.privateRun(TestRunner.java:774)
	at org.testng.TestRunner.run(TestRunner.java:624)
	at org.testng.SuiteRunner.runTest(SuiteRunner.java:359)
	at org.testng.SuiteRunner.runSequentially(SuiteRunner.java:354)
	at org.testng.SuiteRunner.privateRun(SuiteRunner.java:312)
	at org.testng.SuiteRunner.run(SuiteRunner.java:261)
	at org.testng.SuiteRunnerWorker.runSuite(SuiteRunnerWorker.java:52)
	at org.testng.SuiteRunnerWorker.run(SuiteRunnerWorker.java:86)
	at org.testng.TestNG.runSuitesSequentially(TestNG.java:1215)
	at org.testng.TestNG.runSuitesLocally(TestNG.java:1140)
	at org.testng.TestNG.run(TestNG.java:1048)
	at org.apache.maven.surefire.testng.TestNGExecutor.run(TestNGExecutor.java:283)
	at org.apache.maven.surefire.testng.TestNGXmlTestSuite.execute(TestNGXmlTestSuite.java:75)
	at org.apache.maven.surefire.testng.TestNGProvider.invoke(TestNGProvider.java:120)
	at org.apache.maven.surefire.booter.ForkedBooter.invokeProviderInSameClassLoader(ForkedBooter.java:384)
	at org.apache.maven.surefire.booter.ForkedBooter.runSuitesInProcess(ForkedBooter.java:345)
	at org.apache.maven.surefire.booter.ForkedBooter.execute(ForkedBooter.java:126)
	at org.apache.maven.surefire.booter.ForkedBooter.main(ForkedBooter.java:418)
Caused by: org.openqa.selenium.NoSuchElementException: no such element: Unable to locate element: {"method":"css selector","selector":".sc-bAeIUo:nth-child(4) .GridColumnElement__GridColumn-sc-57x38k-0"}
  (Session info: chrome=84.0.4147.135)
For documentation on this error, please visit: http://seleniumhq.org/exceptions/no_such_element.html
Build info: version: '3.4.0', revision: 'unknown', time: 'unknown'
System info: host: 'DESKTOP-37BKIHR', ip: '192.168.80.154', os.name: 'Windows 10', os.arch: 'amd64', os.version: '10.0', java.version: '1.8.0_65'
Driver info: org.openqa.selenium.chrome.ChromeDriver
Capabilities [{networkConnectionEnabled=false, chrome={chromedriverVersion=83.0.4103.39 (ccbf011cb2d2b19b506d844400483861342c20cd-refs/branch-heads/4103@{#416}), userDataDir=C:\Users\Dell\AppData\Local\Temp\scoped_dir13404_812585541}, timeouts={implicit=0.0, pageLoad=300000.0, script=30000.0}, pageLoadStrategy=normal, unhandledPromptBehavior=dismiss and notify, strictFileInteractability=false, platform=ANY, proxy=Proxy(), goog:chromeOptions={debuggerAddress=localhost:50870}, acceptInsecureCerts=false, browserVersion=84.0.4147.135, browserName=chrome, javascriptEnabled=true, platformName=windows, setWindowRect=true, webauthn:virtualAuthenticators=true}]
Session ID: f596636f04fb4d32ef2ff12b73ca8462
*** Element info: {Using=css selector, value=.sc-bAeIUo:nth-child(4) .GridColumnElement__GridColumn-sc-57x38k-0}
	at sun.reflect.GeneratedConstructorAccessor10.newInstance(Unknown Source)
	at sun.reflect.DelegatingConstructorAccessorImpl.newInstance(DelegatingConstructorAccessorImpl.java:45)
	at java.lang.reflect.Constructor.newInstance(Constructor.java:422)
	at org.openqa.selenium.remote.http.W3CHttpResponseCodec.createException(W3CHttpResponseCodec.java:150)
	at org.openqa.selenium.remote.http.W3CHttpResponseCodec.decode(W3CHttpResponseCodec.java:115)
	at org.openqa.selenium.remote.http.W3CHttpResponseCodec.decode(W3CHttpResponseCodec.java:45)
	at org.openqa.selenium.remote.HttpCommandExecutor.execute(HttpCommandExecutor.java:164)
	at org.openqa.selenium.remote.service.DriverCommandExecutor.execute(DriverCommandExecutor.java:82)
	at org.openqa.selenium.remote.RemoteWebDriver.execute(RemoteWebDriver.java:637)
	at org.openqa.selenium.remote.RemoteWebDriver.findElement(RemoteWebDriver.java:410)
	at org.openqa.selenium.remote.RemoteWebDriver.findElementByCssSelector(RemoteWebDriver.java:501)
	at org.openqa.selenium.By$ByCssSelector.findElement(By.java:430)
	at org.openqa.selenium.remote.RemoteWebDriver.findElement(RemoteWebDriver.java:402)
	at shdsd.selenium.Tools.BaseTest$1.apply(BaseTest.java:79)
	at shdsd.selenium.Tools.BaseTest$1.apply(BaseTest.java:76)
	at org.openqa.selenium.support.ui.FluentWait.until(FluentWait.java:209)
	... 32 more
查询失败!
]]></system-err>
  </testcase>
  <testcase name="RPCMSD1022" classname="TestCase.V1_1.IssuePage.WorkLog.RPCMSD1022" time="15.368">
    <failure message="org.openqa.selenium.TimeoutException: Expected condition failed: waiting for shdsd.selenium.Tools.BaseTest$1@193bb809 (tried for 10 second(s) with 500 MILLISECONDS interval)" type="java.lang.Exception">java.lang.Exception: org.openqa.selenium.TimeoutException: Expected condition failed: waiting for shdsd.selenium.Tools.BaseTest$1@193bb809 (tried for 10 second(s) with 500 MILLISECONDS interval)
	at TestCase.V1_1.IssuePage.WorkLog.RPCMSD1022.RPCMSD1022(RPCMSD1022.java:47)
Caused by: org.openqa.selenium.TimeoutException: Expected condition failed: waiting for shdsd.selenium.Tools.BaseTest$1@193bb809 (tried for 10 second(s) with 500 MILLISECONDS interval)
	at TestCase.V1_1.IssuePage.WorkLog.RPCMSD1022.RPCMSD1022(RPCMSD1022.java:28)
Caused by: org.openqa.selenium.NoSuchElementException: 
no such element: Unable to locate element: {"method":"css selector","selector":"#react-select-2-option-5 .\\_3tOl5nvkoM9qAgVwhHhK4Y"}
  (Session info: chrome=84.0.4147.135)
For documentation on this error, please visit: http://seleniumhq.org/exceptions/no_such_element.html
Build info: version: '3.4.0', revision: 'unknown', time: 'unknown'
System info: host: 'DESKTOP-37BKIHR', ip: '192.168.80.154', os.name: 'Windows 10', os.arch: 'amd64', os.version: '10.0', java.version: '1.8.0_65'
Driver info: org.openqa.selenium.chrome.ChromeDriver
Capabilities [{networkConnectionEnabled=false, chrome={chromedriverVersion=83.0.4103.39 (ccbf011cb2d2b19b506d844400483861342c20cd-refs/branch-heads/4103@{#416}), userDataDir=C:\Users\Dell\AppData\Local\Temp\scoped_dir13404_812585541}, timeouts={implicit=0.0, pageLoad=300000.0, script=30000.0}, pageLoadStrategy=normal, unhandledPromptBehavior=dismiss and notify, strictFileInteractability=false, platform=ANY, proxy=Proxy(), goog:chromeOptions={debuggerAddress=localhost:50870}, acceptInsecureCerts=false, browserVersion=84.0.4147.135, browserName=chrome, javascriptEnabled=true, platformName=windows, setWindowRect=true, webauthn:virtualAuthenticators=true}]
Session ID: f596636f04fb4d32ef2ff12b73ca8462
*** Element info: {Using=css selector, value=#react-select-2-option-5 .\\_3tOl5nvkoM9qAgVwhHhK4Y}
	at TestCase.V1_1.IssuePage.WorkLog.RPCMSD1022.RPCMSD1022(RPCMSD1022.java:28)
</failure>
    <system-err><![CDATA[259158 [main] ERROR io.qameta.allure.AllureLifecycle - Could not add attachment: no test is running

]]></system-err>
  </testcase>
  <testcase name="RPCMSD1741" classname="TestCase.V1_2.Configure.Calendar_configuration.RPCMSD1741" time="2.831"/>
  <testcase name="rPCMSD2099" classname="TestCase.V1_4.workReport.RPCMSD2099" time="14.052">
    <failure message="org.openqa.selenium.TimeoutException: Expected condition failed: waiting for shdsd.selenium.Tools.BaseTest$1@3c770db4 (tried for 10 second(s) with 500 MILLISECONDS interval)" type="java.lang.Exception">java.lang.Exception: org.openqa.selenium.TimeoutException: Expected condition failed: waiting for shdsd.selenium.Tools.BaseTest$1@3c770db4 (tried for 10 second(s) with 500 MILLISECONDS interval)
	at TestCase.V1_4.workReport.RPCMSD2099.rPCMSD2099(RPCMSD2099.java:52)
Caused by: org.openqa.selenium.TimeoutException: Expected condition failed: waiting for shdsd.selenium.Tools.BaseTest$1@3c770db4 (tried for 10 second(s) with 500 MILLISECONDS interval)
	at TestCase.V1_4.workReport.RPCMSD2099.rPCMSD2099(RPCMSD2099.java:20)
Caused by: org.openqa.selenium.NoSuchElementException: 
no such element: Unable to locate element: {"method":"css selector","selector":".sc-bAeIUo:nth-child(4) .GridColumnElement__GridColumn-sc-57x38k-0"}
  (Session info: chrome=84.0.4147.135)
For documentation on this error, please visit: http://seleniumhq.org/exceptions/no_such_element.html
Build info: version: '3.4.0', revision: 'unknown', time: 'unknown'
System info: host: 'DESKTOP-37BKIHR', ip: '192.168.80.154', os.name: 'Windows 10', os.arch: 'amd64', os.version: '10.0', java.version: '1.8.0_65'
Driver info: org.openqa.selenium.chrome.ChromeDriver
Capabilities [{networkConnectionEnabled=false, chrome={chromedriverVersion=83.0.4103.39 (ccbf011cb2d2b19b506d844400483861342c20cd-refs/branch-heads/4103@{#416}), userDataDir=C:\Users\Dell\AppData\Local\Temp\scoped_dir13404_812585541}, timeouts={implicit=0.0, pageLoad=300000.0, script=30000.0}, pageLoadStrategy=normal, unhandledPromptBehavior=dismiss and notify, strictFileInteractability=false, platform=ANY, proxy=Proxy(), goog:chromeOptions={debuggerAddress=localhost:50870}, acceptInsecureCerts=false, browserVersion=84.0.4147.135, browserName=chrome, javascriptEnabled=true, platformName=windows, setWindowRect=true, webauthn:virtualAuthenticators=true}]
Session ID: f596636f04fb4d32ef2ff12b73ca8462
*** Element info: {Using=css selector, value=.sc-bAeIUo:nth-child(4) .GridColumnElement__GridColumn-sc-57x38k-0}
	at TestCase.V1_4.workReport.RPCMSD2099.rPCMSD2099(RPCMSD2099.java:20)
</failure>
    <system-err><![CDATA[org.openqa.selenium.TimeoutException: Expected condition failed: waiting for shdsd.selenium.Tools.BaseTest$1@3c770db4 (tried for 10 second(s) with 500 MILLISECONDS interval)
	at org.openqa.selenium.support.ui.WebDriverWait.timeoutException(WebDriverWait.java:80)
	at org.openqa.selenium.support.ui.FluentWait.until(FluentWait.java:232)
	at shdsd.selenium.Tools.BaseTest.getElement(BaseTest.java:76)
	at shdsd.selenium.Tools.BaseTest.getElement(BaseTest.java:69)
	at shdsd.selenium.Tools.BaseTest.click(BaseTest.java:163)
	at TestCase.V1_4.workReport.RPCMSD2099.rPCMSD2099(RPCMSD2099.java:20)
	at sun.reflect.NativeMethodAccessorImpl.invoke0(Native Method)
	at sun.reflect.NativeMethodAccessorImpl.invoke(NativeMethodAccessorImpl.java:62)
	at sun.reflect.DelegatingMethodAccessorImpl.invoke(DelegatingMethodAccessorImpl.java:43)
	at java.lang.reflect.Method.invoke(Method.java:497)
	at org.testng.internal.MethodInvocationHelper.invokeMethod(MethodInvocationHelper.java:85)
	at org.testng.internal.Invoker.invokeMethod(Invoker.java:639)
	at org.testng.internal.Invoker.invokeTestMethod(Invoker.java:816)
	at org.testng.internal.Invoker.invokeTestMethods(Invoker.java:1124)
	at org.testng.internal.TestMethodWorker.invokeTestMethods(TestMethodWorker.java:125)
	at org.testng.internal.TestMethodWorker.run(TestMethodWorker.java:108)
	at org.testng.TestRunner.privateRun(TestRunner.java:774)
	at org.testng.TestRunner.run(TestRunner.java:624)
	at org.testng.SuiteRunner.runTest(SuiteRunner.java:359)
	at org.testng.SuiteRunner.runSequentially(SuiteRunner.java:354)
	at org.testng.SuiteRunner.privateRun(SuiteRunner.java:312)
	at org.testng.SuiteRunner.run(SuiteRunner.java:261)
	at org.testng.SuiteRunnerWorker.runSuite(SuiteRunnerWorker.java:52)
	at org.testng.SuiteRunnerWorker.run(SuiteRunnerWorker.java:86)
	at org.testng.TestNG.runSuitesSequentially(TestNG.java:1215)
	at org.testng.TestNG.runSuitesLocally(TestNG.java:1140)
	at org.testng.TestNG.run(TestNG.java:1048)
	at org.apache.maven.surefire.testng.TestNGExecutor.run(TestNGExecutor.java:283)
	at org.apache.maven.surefire.testng.TestNGXmlTestSuite.execute(TestNGXmlTestSuite.java:75)
	at org.apache.maven.surefire.testng.TestNGProvider.invoke(TestNGProvider.java:120)
	at org.apache.maven.surefire.booter.ForkedBooter.invokeProviderInSameClassLoader(ForkedBooter.java:384)
	at org.apache.maven.surefire.booter.ForkedBooter.runSuitesInProcess(ForkedBooter.java:345)
	at org.apache.maven.surefire.booter.ForkedBooter.execute(ForkedBooter.java:126)
	at org.apache.maven.surefire.booter.ForkedBooter.main(ForkedBooter.java:418)
Caused by: org.openqa.selenium.NoSuchElementException: no such element: Unable to locate element: {"method":"css selector","selector":".sc-bAeIUo:nth-child(4) .GridColumnElement__GridColumn-sc-57x38k-0"}
  (Session info: chrome=84.0.4147.135)
For documentation on this error, please visit: http://seleniumhq.org/exceptions/no_such_element.html
Build info: version: '3.4.0', revision: 'unknown', time: 'unknown'
System info: host: 'DESKTOP-37BKIHR', ip: '192.168.80.154', os.name: 'Windows 10', os.arch: 'amd64', os.version: '10.0', java.version: '1.8.0_65'
Driver info: org.openqa.selenium.chrome.ChromeDriver
Capabilities [{networkConnectionEnabled=false, chrome={chromedriverVersion=83.0.4103.39 (ccbf011cb2d2b19b506d844400483861342c20cd-refs/branch-heads/4103@{#416}), userDataDir=C:\Users\Dell\AppData\Local\Temp\scoped_dir13404_812585541}, timeouts={implicit=0.0, pageLoad=300000.0, script=30000.0}, pageLoadStrategy=normal, unhandledPromptBehavior=dismiss and notify, strictFileInteractability=false, platform=ANY, proxy=Proxy(), goog:chromeOptions={debuggerAddress=localhost:50870}, acceptInsecureCerts=false, browserVersion=84.0.4147.135, browserName=chrome, javascriptEnabled=true, platformName=windows, setWindowRect=true, webauthn:virtualAuthenticators=true}]
Session ID: f596636f04fb4d32ef2ff12b73ca8462
*** Element info: {Using=css selector, value=.sc-bAeIUo:nth-child(4) .GridColumnElement__GridColumn-sc-57x38k-0}
	at sun.reflect.GeneratedConstructorAccessor10.newInstance(Unknown Source)
	at sun.reflect.DelegatingConstructorAccessorImpl.newInstance(DelegatingConstructorAccessorImpl.java:45)
	at java.lang.reflect.Constructor.newInstance(Constructor.java:422)
	at org.openqa.selenium.remote.http.W3CHttpResponseCodec.createException(W3CHttpResponseCodec.java:150)
	at org.openqa.selenium.remote.http.W3CHttpResponseCodec.decode(W3CHttpResponseCodec.java:115)
	at org.openqa.selenium.remote.http.W3CHttpResponseCodec.decode(W3CHttpResponseCodec.java:45)
	at org.openqa.selenium.remote.HttpCommandExecutor.execute(HttpCommandExecutor.java:164)
	at org.openqa.selenium.remote.service.DriverCommandExecutor.execute(DriverCommandExecutor.java:82)
	at org.openqa.selenium.remote.RemoteWebDriver.execute(RemoteWebDriver.java:637)
	at org.openqa.selenium.remote.RemoteWebDriver.findElement(RemoteWebDriver.java:410)
	at org.openqa.selenium.remote.RemoteWebDriver.findElementByCssSelector(RemoteWebDriver.java:501)
	at org.openqa.selenium.By$ByCssSelector.findElement(By.java:430)
	at org.openqa.selenium.remote.RemoteWebDriver.findElement(RemoteWebDriver.java:402)
	at shdsd.selenium.Tools.BaseTest$1.apply(BaseTest.java:79)
	at shdsd.selenium.Tools.BaseTest$1.apply(BaseTest.java:76)
	at org.openqa.selenium.support.ui.FluentWait.until(FluentWait.java:209)
	... 32 more
查询失败!
]]></system-err>
  </testcase>
  <testcase name="RPCMSD1023" classname="TestCase.V1_1.IssuePage.WorkLog.RPCMSD1023" time="15.312">
    <failure message="org.openqa.selenium.TimeoutException: Expected condition failed: waiting for shdsd.selenium.Tools.BaseTest$1@62b3a2f6 (tried for 10 second(s) with 500 MILLISECONDS interval)" type="java.lang.Exception">java.lang.Exception: org.openqa.selenium.TimeoutException: Expected condition failed: waiting for shdsd.selenium.Tools.BaseTest$1@62b3a2f6 (tried for 10 second(s) with 500 MILLISECONDS interval)
	at TestCase.V1_1.IssuePage.WorkLog.RPCMSD1023.RPCMSD1023(RPCMSD1023.java:43)
Caused by: org.openqa.selenium.TimeoutException: Expected condition failed: waiting for shdsd.selenium.Tools.BaseTest$1@62b3a2f6 (tried for 10 second(s) with 500 MILLISECONDS interval)
	at TestCase.V1_1.IssuePage.WorkLog.RPCMSD1023.RPCMSD1023(RPCMSD1023.java:25)
Caused by: org.openqa.selenium.InvalidSelectorException: 
invalid selector: Unable to locate an element with the xpath expression //div[@id=\'workLogContext_datePicker\']/div/div because of the following error:
SyntaxError: Failed to execute 'evaluate' on 'Document': The string '//div[@id=\'workLogContext_datePicker\']/div/div' is not a valid XPath expression.
  (Session info: chrome=84.0.4147.135)
For documentation on this error, please visit: http://seleniumhq.org/exceptions/invalid_selector_exception.html
Build info: version: '3.4.0', revision: 'unknown', time: 'unknown'
System info: host: 'DESKTOP-37BKIHR', ip: '192.168.80.154', os.name: 'Windows 10', os.arch: 'amd64', os.version: '10.0', java.version: '1.8.0_65'
Driver info: org.openqa.selenium.chrome.ChromeDriver
Capabilities [{networkConnectionEnabled=false, chrome={chromedriverVersion=83.0.4103.39 (ccbf011cb2d2b19b506d844400483861342c20cd-refs/branch-heads/4103@{#416}), userDataDir=C:\Users\Dell\AppData\Local\Temp\scoped_dir13404_812585541}, timeouts={implicit=0.0, pageLoad=300000.0, script=30000.0}, pageLoadStrategy=normal, unhandledPromptBehavior=dismiss and notify, strictFileInteractability=false, platform=ANY, proxy=Proxy(), goog:chromeOptions={debuggerAddress=localhost:50870}, acceptInsecureCerts=false, browserVersion=84.0.4147.135, browserName=chrome, javascriptEnabled=true, platformName=windows, setWindowRect=true, webauthn:virtualAuthenticators=true}]
Session ID: f596636f04fb4d32ef2ff12b73ca8462
*** Element info: {Using=xpath, value=//div[@id=\'workLogContext_datePicker\']/div/div}
	at TestCase.V1_1.IssuePage.WorkLog.RPCMSD1023.RPCMSD1023(RPCMSD1023.java:25)
</failure>
    <system-err><![CDATA[291958 [main] ERROR io.qameta.allure.AllureLifecycle - Could not add attachment: no test is running

]]></system-err>
  </testcase>
  <testcase name="RPCMSD1761" classname="TestCase.V1_2.Configure.Calendar_configuration.RPCMSD1761" time="1.555"/>
  <testcase name="rPCMSD2101" classname="TestCase.V1_4.workReport.RPCMSD2101" time="12.363">
    <failure message="org.openqa.selenium.TimeoutException: Expected condition failed: waiting for shdsd.selenium.Tools.BaseTest$1@5232e3f1 (tried for 10 second(s) with 500 MILLISECONDS interval)" type="java.lang.Exception">java.lang.Exception: org.openqa.selenium.TimeoutException: Expected condition failed: waiting for shdsd.selenium.Tools.BaseTest$1@5232e3f1 (tried for 10 second(s) with 500 MILLISECONDS interval)
	at TestCase.V1_4.workReport.RPCMSD2101.rPCMSD2101(RPCMSD2101.java:108)
Caused by: org.openqa.selenium.TimeoutException: Expected condition failed: waiting for shdsd.selenium.Tools.BaseTest$1@5232e3f1 (tried for 10 second(s) with 500 MILLISECONDS interval)
	at TestCase.V1_4.workReport.RPCMSD2101.rPCMSD2101(RPCMSD2101.java:15)
Caused by: org.openqa.selenium.NoSuchElementException: 
no such element: Unable to locate element: {"method":"css selector","selector":".sc-bAeIUo:nth-child(4) .GridColumnElement__GridColumn-sc-57x38k-0"}
  (Session info: chrome=84.0.4147.135)
For documentation on this error, please visit: http://seleniumhq.org/exceptions/no_such_element.html
Build info: version: '3.4.0', revision: 'unknown', time: 'unknown'
System info: host: 'DESKTOP-37BKIHR', ip: '192.168.80.154', os.name: 'Windows 10', os.arch: 'amd64', os.version: '10.0', java.version: '1.8.0_65'
Driver info: org.openqa.selenium.chrome.ChromeDriver
Capabilities [{networkConnectionEnabled=false, chrome={chromedriverVersion=83.0.4103.39 (ccbf011cb2d2b19b506d844400483861342c20cd-refs/branch-heads/4103@{#416}), userDataDir=C:\Users\Dell\AppData\Local\Temp\scoped_dir13404_812585541}, timeouts={implicit=0.0, pageLoad=300000.0, script=30000.0}, pageLoadStrategy=normal, unhandledPromptBehavior=dismiss and notify, strictFileInteractability=false, platform=ANY, proxy=Proxy(), goog:chromeOptions={debuggerAddress=localhost:50870}, acceptInsecureCerts=false, browserVersion=84.0.4147.135, browserName=chrome, javascriptEnabled=true, platformName=windows, setWindowRect=true, webauthn:virtualAuthenticators=true}]
Session ID: f596636f04fb4d32ef2ff12b73ca8462
*** Element info: {Using=css selector, value=.sc-bAeIUo:nth-child(4) .GridColumnElement__GridColumn-sc-57x38k-0}
	at TestCase.V1_4.workReport.RPCMSD2101.rPCMSD2101(RPCMSD2101.java:15)
</failure>
    <system-err><![CDATA[org.openqa.selenium.TimeoutException: Expected condition failed: waiting for shdsd.selenium.Tools.BaseTest$1@5232e3f1 (tried for 10 second(s) with 500 MILLISECONDS interval)
	at org.openqa.selenium.support.ui.WebDriverWait.timeoutException(WebDriverWait.java:80)
	at org.openqa.selenium.support.ui.FluentWait.until(FluentWait.java:232)
	at shdsd.selenium.Tools.BaseTest.getElement(BaseTest.java:76)
	at shdsd.selenium.Tools.BaseTest.getElement(BaseTest.java:69)
	at shdsd.selenium.Tools.BaseTest.click(BaseTest.java:163)
	at TestCase.V1_4.workReport.RPCMSD2101.rPCMSD2101(RPCMSD2101.java:15)
	at sun.reflect.NativeMethodAccessorImpl.invoke0(Native Method)
	at sun.reflect.NativeMethodAccessorImpl.invoke(NativeMethodAccessorImpl.java:62)
	at sun.reflect.DelegatingMethodAccessorImpl.invoke(DelegatingMethodAccessorImpl.java:43)
	at java.lang.reflect.Method.invoke(Method.java:497)
	at org.testng.internal.MethodInvocationHelper.invokeMethod(MethodInvocationHelper.java:85)
	at org.testng.internal.Invoker.invokeMethod(Invoker.java:639)
	at org.testng.internal.Invoker.invokeTestMethod(Invoker.java:816)
	at org.testng.internal.Invoker.invokeTestMethods(Invoker.java:1124)
	at org.testng.internal.TestMethodWorker.invokeTestMethods(TestMethodWorker.java:125)
	at org.testng.internal.TestMethodWorker.run(TestMethodWorker.java:108)
	at org.testng.TestRunner.privateRun(TestRunner.java:774)
	at org.testng.TestRunner.run(TestRunner.java:624)
	at org.testng.SuiteRunner.runTest(SuiteRunner.java:359)
	at org.testng.SuiteRunner.runSequentially(SuiteRunner.java:354)
	at org.testng.SuiteRunner.privateRun(SuiteRunner.java:312)
	at org.testng.SuiteRunner.run(SuiteRunner.java:261)
	at org.testng.SuiteRunnerWorker.runSuite(SuiteRunnerWorker.java:52)
	at org.testng.SuiteRunnerWorker.run(SuiteRunnerWorker.java:86)
	at org.testng.TestNG.runSuitesSequentially(TestNG.java:1215)
	at org.testng.TestNG.runSuitesLocally(TestNG.java:1140)
	at org.testng.TestNG.run(TestNG.java:1048)
	at org.apache.maven.surefire.testng.TestNGExecutor.run(TestNGExecutor.java:283)
	at org.apache.maven.surefire.testng.TestNGXmlTestSuite.execute(TestNGXmlTestSuite.java:75)
	at org.apache.maven.surefire.testng.TestNGProvider.invoke(TestNGProvider.java:120)
	at org.apache.maven.surefire.booter.ForkedBooter.invokeProviderInSameClassLoader(ForkedBooter.java:384)
	at org.apache.maven.surefire.booter.ForkedBooter.runSuitesInProcess(ForkedBooter.java:345)
	at org.apache.maven.surefire.booter.ForkedBooter.execute(ForkedBooter.java:126)
[...]
org.openqa.selenium.ElementNotInteractableException: element not interactable
  (Session info: chrome=84.0.4147.135)
Build info: version: '3.4.0', revision: 'unknown', time: 'unknown'
System info: host: 'DESKTOP-37BKIHR', ip: '192.168.80.154', os.name: 'Windows 10', os.arch: 'amd64', os.version: '10.0', java.version: '1.8.0_65'
Driver info: org.openqa.selenium.chrome.ChromeDriver
Capabilities [{networkConnectionEnabled=false, chrome={chromedriverVersion=83.0.4103.39 (ccbf011cb2d2b19b506d844400483861342c20cd-refs/branch-heads/4103@{#416}), userDataDir=C:\Users\Dell\AppData\Local\Temp\scoped_dir13404_812585541}, timeouts={implicit=0.0, pageLoad=300000.0, script=30000.0}, pageLoadStrategy=normal, unhandledPromptBehavior=dismiss and notify, strictFileInteractability=false, platform=ANY, proxy=Proxy(), goog:chromeOptions={debuggerAddress=localhost:50870}, acceptInsecureCerts=false, browserVersion=84.0.4147.135, browserName=chrome, javascriptEnabled=true, platformName=windows, setWindowRect=true, webauthn:virtualAuthenticators=true}]
Session ID: f596636f04fb4d32ef2ff12b73ca8462
	at TestCase.V1_1.IssuePage.WorkPlan.RPCMSD1402.RPCMSD1402(RPCMSD1402.java:35)
Caused by: org.openqa.selenium.ElementNotInteractableException: 
element not interactable
  (Session info: chrome=84.0.4147.135)
Build info: version: '3.4.0', revision: 'unknown', time: 'unknown'
System info: host: 'DESKTOP-37BKIHR', ip: '192.168.80.154', os.name: 'Windows 10', os.arch: 'amd64', os.version: '10.0', java.version: '1.8.0_65'
Driver info: org.openqa.selenium.chrome.ChromeDriver
Capabilities [{networkConnectionEnabled=false, chrome={chromedriverVersion=83.0.4103.39 (ccbf011cb2d2b19b506d844400483861342c20cd-refs/branch-heads/4103@{#416}), userDataDir=C:\Users\Dell\AppData\Local\Temp\scoped_dir13404_812585541}, timeouts={implicit=0.0, pageLoad=300000.0, script=30000.0}, pageLoadStrategy=normal, unhandledPromptBehavior=dismiss and notify, strictFileInteractability=false, platform=ANY, proxy=Proxy(), goog:chromeOptions={debuggerAddress=localhost:50870}, acceptInsecureCerts=false, browserVersion=84.0.4147.135, browserName=chrome, javascriptEnabled=true, platformName=windows, setWindowRect=true, webauthn:virtualAuthenticators=true}]
Session ID: f596636f04fb4d32ef2ff12b73ca8462
	at TestCase.V1_1.IssuePage.WorkPlan.RPCMSD1402.RPCMSD1402(RPCMSD1402.java:22)
</failure>
    <system-err><![CDATA[
]]></system-err>
  </testcase>
  <testcase name="RPCMSD1403" classname="TestCase.V1_1.IssuePage.WorkPlan.RPCMSD1403" time="4.682"/>
  <testcase name="RPCMSD1404" classname="TestCase.V1_1.IssuePage.WorkPlan.RPCMSD1404" time="5.043"/>
  <testcase name="RPCMSD1031" classname="TestCase.V1_1.TimeSheet.WorkLog.RPCMSD1031" time="8.147"/>
  <testcase name="RPCMSD1035" classname="TestCase.V1_1.TimeSheet.WorkLog.RPCMSD1035" time="18.167">
    <failure message="org.openqa.selenium.TimeoutException: Expected condition failed: waiting for shdsd.selenium.Tools.BaseTest$1@6401188a (tried for 10 second(s) with 500 MILLISECONDS interval)" type="java.lang.Exception">java.lang.Exception: org.openqa.selenium.TimeoutException: Expected condition failed: waiting for shdsd.selenium.Tools.BaseTest$1@6401188a (tried for 10 second(s) with 500 MILLISECONDS interval)
	at TestCase.V1_1.TimeSheet.WorkLog.RPCMSD1035.RPCMSD1035(RPCMSD1035.java:44)
Caused by: org.openqa.selenium.TimeoutException: Expected condition failed: waiting for shdsd.selenium.Tools.BaseTest$1@6401188a (tried for 10 second(s) with 500 MILLISECONDS interval)
	at TestCase.V1_1.TimeSheet.WorkLog.RPCMSD1035.RPCMSD1035(RPCMSD1035.java:27)
Caused by: org.openqa.selenium.NoSuchElementException: 
no such element: Unable to locate element: {"method":"css selector","selector":"#react-select-4-option-1-3 > .css-1o5vhst > div"}
  (Session info: chrome=84.0.4147.135)
For documentation on this error, please visit: http://seleniumhq.org/exceptions/no_such_element.html
Build info: version: '3.4.0', revision: 'unknown', time: 'unknown'
System info: host: 'DESKTOP-37BKIHR', ip: '192.168.80.154', os.name: 'Windows 10', os.arch: 'amd64', os.version: '10.0', java.version: '1.8.0_65'
Driver info: org.openqa.selenium.chrome.ChromeDriver
Capabilities [{networkConnectionEnabled=false, chrome={chromedriverVersion=83.0.4103.39 (ccbf011cb2d2b19b506d844400483861342c20cd-refs/branch-heads/4103@{#416}), userDataDir=C:\Users\Dell\AppData\Local\Temp\scoped_dir13404_812585541}, timeouts={implicit=0.0, pageLoad=300000.0, script=30000.0}, pageLoadStrategy=normal, unhandledPromptBehavior=dismiss and notify, strictFileInteractability=false, platform=ANY, proxy=Proxy(), goog:chromeOptions={debuggerAddress=localhost:50870}, acceptInsecureCerts=false, browserVersion=84.0.4147.135, browserName=chrome, javascriptEnabled=true, platformName=windows, setWindowRect=true, webauthn:virtualAuthenticators=true}]
Session ID: f596636f04fb4d32ef2ff12b73ca8462
*** Element info: {Using=css selector, value=#react-select-4-option-1-3 > .css-1o5vhst > div}
	at TestCase.V1_1.TimeSheet.WorkLog.RPCMSD1035.RPCMSD1035(RPCMSD1035.java:27)
</failure>
    <system-err><![CDATA[
]]></system-err>
  </testcase>
  <testcase name="RPCMSD1038" classname="TestCase.V1_1.TimeSheet.WorkLog.RPCMSD1038" time="8.936"/>
  <testcase name="RPCMSD1042" classname="TestCase.V1_1.TimeSheet.WorkLog.RPCMSD1042" time="8.838"/>
  <testcase name="RPCMSD1042" classname="TestCase.V1_1.TimeSheet.WorkLog.RPCMSD1068" time="17.743">
    <failure message="org.openqa.selenium.TimeoutException: Expected condition failed: waiting for shdsd.selenium.Tools.BaseTest$1@2f995afc (tried for 10 second(s) with 500 MILLISECONDS interval)" type="java.lang.Exception">java.lang.Exception: org.openqa.selenium.TimeoutException: Expected condition failed: waiting for shdsd.selenium.Tools.BaseTest$1@2f995afc (tried for 10 second(s) with 500 MILLISECONDS interval)
	at TestCase.V1_1.TimeSheet.WorkLog.RPCMSD1068.RPCMSD1042(RPCMSD1068.java:42)
Caused by: org.openqa.selenium.TimeoutException: Expected condition failed: waiting for shdsd.selenium.Tools.BaseTest$1@2f995afc (tried for 10 second(s) with 500 MILLISECONDS interval)
	at TestCase.V1_1.TimeSheet.WorkLog.RPCMSD1068.RPCMSD1042(RPCMSD1068.java:18)
Caused by: org.openqa.selenium.NoSuchElementException: 
no such element: Unable to locate element: {"method":"css selector","selector":"#DateColumn02_6_logbtn"}
  (Session info: chrome=84.0.4147.135)
For documentation on this error, please visit: http://seleniumhq.org/exceptions/no_such_element.html
Build info: version: '3.4.0', revision: 'unknown', time: 'unknown'
System info: host: 'DESKTOP-37BKIHR', ip: '192.168.80.154', os.name: 'Windows 10', os.arch: 'amd64', os.version: '10.0', java.version: '1.8.0_65'
Driver info: org.openqa.selenium.chrome.ChromeDriver
Capabilities [{networkConnectionEnabled=false, chrome={chromedriverVersion=83.0.4103.39 (ccbf011cb2d2b19b506d844400483861342c20cd-refs/branch-heads/4103@{#416}), userDataDir=C:\Users\Dell\AppData\Local\Temp\scoped_dir13404_812585541}, timeouts={implicit=0.0, pageLoad=300000.0, script=30000.0}, pageLoadStrategy=normal, unhandledPromptBehavior=dismiss and notify, strictFileInteractability=false, platform=ANY, proxy=Proxy(), goog:chromeOptions={debuggerAddress=localhost:50870}, acceptInsecureCerts=false, browserVersion=84.0.4147.135, browserName=chrome, javascriptEnabled=true, platformName=windows, setWindowRect=true, webauthn:virtualAuthenticators=true}]
Session ID: f596636f04fb4d32ef2ff12b73ca8462
*** Element info: {Using=id, value=DateColumn02_6_logbtn}
	at TestCase.V1_1.TimeSheet.WorkLog.RPCMSD1068.RPCMSD1042(RPCMSD1068.java:18)
</failure>
    <system-err><![CDATA[
]]></system-err>
  </testcase>
  <testcase name="RPCMSD1069" classname="TestCase.V1_1.TimeSheet.WorkLog.RPCMSD1069" time="18.265">
    <failure message="org.openqa.selenium.TimeoutException: Expected condition failed: waiting for shdsd.selenium.Tools.BaseTest$1@7fd99443 (tried for 10 second(s) with 500 MILLISECONDS interval)" type="java.lang.Exception">java.lang.Exception: org.openqa.selenium.TimeoutException: Expected condition failed: waiting for shdsd.selenium.Tools.BaseTest$1@7fd99443 (tried for 10 second(s) with 500 MILLISECONDS interval)
	at TestCase.V1_1.TimeSheet.WorkLog.RPCMSD1069.RPCMSD1069(RPCMSD1069.java:47)
Caused by: org.openqa.selenium.TimeoutException: Expected condition failed: waiting for shdsd.selenium.Tools.BaseTest$1@7fd99443 (tried for 10 second(s) with 500 MILLISECONDS interval)
	at TestCase.V1_1.TimeSheet.WorkLog.RPCMSD1069.RPCMSD1069(RPCMSD1069.java:17)
Caused by: org.openqa.selenium.NoSuchElementException: 
no such element: Unable to locate element: {"method":"css selector","selector":"#DateColumn02_6_logbtn"}
  (Session info: chrome=84.0.4147.135)
For documentation on this error, please visit: http://seleniumhq.org/exceptions/no_such_element.html
Build info: version: '3.4.0', revision: 'unknown', time: 'unknown'
System info: host: 'DESKTOP-37BKIHR', ip: '192.168.80.154', os.name: 'Windows 10', os.arch: 'amd64', os.version: '10.0', java.version: '1.8.0_65'
Driver info: org.openqa.selenium.chrome.ChromeDriver
Capabilities [{networkConnectionEnabled=false, chrome={chromedriverVersion=83.0.4103.39 (ccbf011cb2d2b19b506d844400483861342c20cd-refs/branch-heads/4103@{#416}), userDataDir=C:\Users\Dell\AppData\Local\Temp\scoped_dir13404_812585541}, timeouts={implicit=0.0, pageLoad=300000.0, script=30000.0}, pageLoadStrategy=normal, unhandledPromptBehavior=dismiss and notify, strictFileInteractability=false, platform=ANY, proxy=Proxy(), goog:chromeOptions={debuggerAddress=localhost:50870}, acceptInsecureCerts=false, browserVersion=84.0.4147.135, browserName=chrome, javascriptEnabled=true, platformName=windows, setWindowRect=true, webauthn:virtualAuthenticators=true}]
Session ID: f596636f04fb4d32ef2ff12b73ca8462
*** Element info: {Using=id, value=DateColumn02_6_logbtn}
	at TestCase.V1_1.TimeSheet.WorkLog.RPCMSD1069.RPCMSD1069(RPCMSD1069.java:17)
</failure>
    <system-err><![CDATA[786029 [main] ERROR io.qameta.allure.AllureLifecycle - Could not add attachment: no test is running

]]></system-err>
  </testcase>
  <testcase name="RPCMSD1414" classname="TestCase.V1_1.TimeSheet.WorkLog.RPCMSD1414" time="18.556">
    <failure message="org.openqa.selenium.TimeoutException: Expected condition failed: waiting for shdsd.selenium.Tools.BaseTest$1@6e8fdd19 (tried for 10 second(s) with 500 MILLISECONDS interval)" type="java.lang.Exception">java.lang.Exception: org.openqa.selenium.TimeoutException: Expected condition failed: waiting for shdsd.selenium.Tools.BaseTest$1@6e8fdd19 (tried for 10 second(s) with 500 MILLISECONDS interval)
	at TestCase.V1_1.TimeSheet.WorkLog.RPCMSD1414.RPCMSD1414(RPCMSD1414.java:44)
Caused by: org.openqa.selenium.TimeoutException: Expected condition failed: waiting for shdsd.selenium.Tools.BaseTest$1@6e8fdd19 (tried for 10 second(s) with 500 MILLISECONDS interval)
	at TestCase.V1_1.TimeSheet.WorkLog.RPCMSD1414.RPCMSD1414(RPCMSD1414.java:18)
Caused by: org.openqa.selenium.NoSuchElementException: 
no such element: Unable to locate element: {"method":"css selector","selector":"#DateColumn02_14_logbtn"}
  (Session info: chrome=84.0.4147.135)
For documentation on this error, please visit: http://seleniumhq.org/exceptions/no_such_element.html
Build info: version: '3.4.0', revision: 'unknown', time: 'unknown'
System info: host: 'DESKTOP-37BKIHR', ip: '192.168.80.154', os.name: 'Windows 10', os.arch: 'amd64', os.version: '10.0', java.version: '1.8.0_65'
Driver info: org.openqa.selenium.chrome.ChromeDriver
Capabilities [{networkConnectionEnabled=false, chrome={chromedriverVersion=83.0.4103.39 (ccbf011cb2d2b19b506d844400483861342c20cd-refs/branch-heads/4103@{#416}), userDataDir=C:\Users\Dell\AppData\Local\Temp\scoped_dir13404_812585541}, timeouts={implicit=0.0, pageLoad=300000.0, script=30000.0}, pageLoadStrategy=normal, unhandledPromptBehavior=dismiss and notify, strictFileInteractability=false, platform=ANY, proxy=Proxy(), goog:chromeOptions={debuggerAddress=localhost:50870}, acceptInsecureCerts=false, browserVersion=84.0.4147.135, browserName=chrome, javascriptEnabled=true, platformName=windows, setWindowRect=true, webauthn:virtualAuthenticators=true}]
Session ID: f596636f04fb4d32ef2ff12b73ca8462
*** Element info: {Using=id, value=DateColumn02_14_logbtn}
	at TestCase.V1_1.TimeSheet.WorkLog.RPCMSD1414.RPCMSD1414(RPCMSD1414.java:18)
</failure>
    <system-err><![CDATA[804572 [main] ERROR io.qameta.allure.AllureLifecycle - Could not add attachment: no test is running

]]></system-err>
  </testcase>
  <testcase name="RPCMSD1415" classname="TestCase.V1_1.TimeSheet.WorkLog.RPCMSD1415" time="18.124">
    <failure message="org.openqa.selenium.TimeoutException: Expected condition failed: waiting for shdsd.selenium.Tools.BaseTest$1@5e50df2e (tried for 10 second(s) with 500 MILLISECONDS interval)" type="java.lang.Exception">java.lang.Exception: org.openqa.selenium.TimeoutException: Expected condition failed: waiting for shdsd.selenium.Tools.BaseTest$1@5e50df2e (tried for 10 second(s) with 500 MILLISECONDS interval)
	at TestCase.V1_1.TimeSheet.WorkLog.RPCMSD1415.RPCMSD1415(RPCMSD1415.java:79)
Caused by: org.openqa.selenium.TimeoutException: Expected condition failed: waiting for shdsd.selenium.Tools.BaseTest$1@5e50df2e (tried for 10 second(s) with 500 MILLISECONDS interval)
	at TestCase.V1_1.TimeSheet.WorkLog.RPCMSD1415.RPCMSD1415(RPCMSD1415.java:18)
Caused by: org.openqa.selenium.NoSuchElementException: 
no such element: Unable to locate element: {"method":"css selector","selector":"#DateColumn02_14_logbtn"}
  (Session info: chrome=84.0.4147.135)
For documentation on this error, please visit: http://seleniumhq.org/exceptions/no_such_element.html
Build info: version: '3.4.0', revision: 'unknown', time: 'unknown'
System info: host: 'DESKTOP-37BKIHR', ip: '192.168.80.154', os.name: 'Windows 10', os.arch: 'amd64', os.version: '10.0', java.version: '1.8.0_65'
Driver info: org.openqa.selenium.chrome.ChromeDriver
Capabilities [{networkConnectionEnabled=false, chrome={chromedriverVersion=83.0.4103.39 (ccbf011cb2d2b19b506d844400483861342c20cd-refs/branch-heads/4103@{#416}), userDataDir=C:\Users\Dell\AppData\Local\Temp\scoped_dir13404_812585541}, timeouts={implicit=0.0, pageLoad=300000.0, script=30000.0}, pageLoadStrategy=normal, unhandledPromptBehavior=dismiss and notify, strictFileInteractability=false, platform=ANY, proxy=Proxy(), goog:chromeOptions={debuggerAddress=localhost:50870}, acceptInsecureCerts=false, browserVersion=84.0.4147.135, browserName=chrome, javascriptEnabled=true, platformName=windows, setWindowRect=true, webauthn:virtualAuthenticators=true}]
Session ID: f596636f04fb4d32ef2ff12b73ca8462
*** Element info: {Using=id, value=DateColumn02_14_logbtn}
	at TestCase.V1_1.TimeSheet.WorkLog.RPCMSD1415.RPCMSD1415(RPCMSD1415.java:18)
</failure>
    <system-err><![CDATA[823395 [main] ERROR io.qameta.allure.AllureLifecycle - Could not add attachment: no test is running

]]></system-err>
  </testcase>
  <testcase name="RPCMSD1449" classname="TestCase.V1_1.TimeSheet.WorkLog.RPCMSD1449" time="18.128">
    <failure message="org.openqa.selenium.TimeoutException: Expected condition failed: waiting for shdsd.selenium.Tools.BaseTest$1@565aa4ac (tried for 10 second(s) with 500 MILLISECONDS interval)" type="java.lang.Exception">java.lang.Exception: org.openqa.selenium.TimeoutException: Expected condition failed: waiting for shdsd.selenium.Tools.BaseTest$1@565aa4ac (tried for 10 second(s) with 500 MILLISECONDS interval)
	at TestCase.V1_1.TimeSheet.WorkLog.RPCMSD1449.RPCMSD1449(RPCMSD1449.java:61)
Caused by: org.openqa.selenium.TimeoutException: Expected condition failed: waiting for shdsd.selenium.Tools.BaseTest$1@565aa4ac (tried for 10 second(s) with 500 MILLISECONDS interval)
	at TestCase.V1_1.TimeSheet.WorkLog.RPCMSD1449.RPCMSD1449(RPCMSD1449.java:20)
Caused by: org.openqa.selenium.NoSuchElementException: 
no such element: Unable to locate element: {"method":"css selector","selector":"#DateColumn16_4_logbtn"}
  (Session info: chrome=84.0.4147.135)
For documentation on this error, please visit: http://seleniumhq.org/exceptions/no_such_element.html
Build info: version: '3.4.0', revision: 'unknown', time: 'unknown'
System info: host: 'DESKTOP-37BKIHR', ip: '192.168.80.154', os.name: 'Windows 10', os.arch: 'amd64', os.version: '10.0', java.version: '1.8.0_65'
Driver info: org.openqa.selenium.chrome.ChromeDriver
Capabilities [{networkConnectionEnabled=false, chrome={chromedriverVersion=83.0.4103.39 (ccbf011cb2d2b19b506d844400483861342c20cd-refs/branch-heads/4103@{#416}), userDataDir=C:\Users\Dell\AppData\Local\Temp\scoped_dir13404_812585541}, timeouts={implicit=0.0, pageLoad=300000.0, script=30000.0}, pageLoadStrategy=normal, unhandledPromptBehavior=dismiss and notify, strictFileInteractability=false, platform=ANY, proxy=Proxy(), goog:chromeOptions={debuggerAddress=localhost:50870}, acceptInsecureCerts=false, browserVersion=84.0.4147.135, browserName=chrome, javascriptEnabled=true, platformName=windows, setWindowRect=true, webauthn:virtualAuthenticators=true}]
Session ID: f596636f04fb4d32ef2ff12b73ca8462
*** Element info: {Using=id, value=DateColumn16_4_logbtn}
	at TestCase.V1_1.TimeSheet.WorkLog.RPCMSD1449.RPCMSD1449(RPCMSD1449.java:20)
</failure>
    <system-err><![CDATA[841782 [main] ERROR io.qameta.allure.AllureLifecycle - Could not add attachment: no test is running

]]></system-err>
  </testcase>
  <testcase name="RPCMSD1450" classname="TestCase.V1_1.TimeSheet.WorkLog.RPCMSD1450" time="11.529">
    <failure message="org.openqa.selenium.TimeoutException: Expected condition failed: waiting for element to be clickable: By.id: login-form-authenticatePassword (tried for 10 second(s) with 500 MILLISECONDS interval)" type="java.lang.Exception">java.lang.Exception: org.openqa.selenium.TimeoutException: Expected condition failed: waiting for element to be clickable: By.id: login-form-authenticatePassword (tried for 10 second(s) with 500 MILLISECONDS interval)
	at TestCase.V1_1.TimeSheet.WorkLog.RPCMSD1450.RPCMSD1450(RPCMSD1450.java:35)
Caused by: org.openqa.selenium.TimeoutException: Expected condition failed: waiting for element to be clickable: By.id: login-form-authenticatePassword (tried for 10 second(s) with 500 MILLISECONDS interval)
	at TestCase.V1_1.TimeSheet.WorkLog.RPCMSD1450.RPCMSD1450(RPCMSD1450.java:22)
Caused by: org.openqa.selenium.NoSuchElementException: 
Cannot locate an element using By.id: login-form-authenticatePassword
For documentation on this error, please visit: http://seleniumhq.org/exceptions/no_such_element.html
Build info: version: '3.4.0', revision: 'unknown', time: 'unknown'
System info: host: 'DESKTOP-37BKIHR', ip: '192.168.80.154', os.name: 'Windows 10', os.arch: 'amd64', os.version: '10.0', java.version: '1.8.0_65'
Driver info: driver.version: unknown
	at TestCase.V1_1.TimeSheet.WorkLog.RPCMSD1450.RPCMSD1450(RPCMSD1450.java:22)
</failure>
    <system-err><![CDATA[860178 [main] ERROR io.qameta.allure.AllureLifecycle - Could not add attachment: no test is running

]]></system-err>
  </testcase>
</testsuite>